2023-07-05 01:28:16,643 WARN [http-nio-8080-exec-2] o.t.s.p.AbstractStandardFragmentInsertionTagProcessor [AbstractStandardFragmentInsertionTagProcessor.java:385] [THYMELEAF][http-nio-8080-exec-2][/site/login] Deprecated unwrapped fragment expression "index::header" found in template /site/login, line 15, col 38. Please use the complete syntax of fragment expressions instead ("~{index::header}"). The old, unwrapped syntax for fragment expressions will be removed in future versions of Thymeleaf.
2023-07-05 01:28:16,738 WARN [http-nio-8080-exec-3] o.t.s.p.AbstractStandardFragmentInsertionTagProcessor [AbstractStandardFragmentInsertionTagProcessor.java:385] [THYMELEAF][http-nio-8080-exec-3][/error/500] Deprecated unwrapped fragment expression "index::header" found in template /error/500, line 14, col 38. Please use the complete syntax of fragment expressions instead ("~{index::header}"). The old, unwrapped syntax for fragment expressions will be removed in future versions of Thymeleaf.
2023-07-05 01:28:16,738 WARN [http-nio-8080-exec-4] o.t.s.p.AbstractStandardFragmentInsertionTagProcessor [AbstractStandardFragmentInsertionTagProcessor.java:385] [THYMELEAF][http-nio-8080-exec-4][/error/500] Deprecated unwrapped fragment expression "index::header" found in template /error/500, line 14, col 38. Please use the complete syntax of fragment expressions instead ("~{index::header}"). The old, unwrapped syntax for fragment expressions will be removed in future versions of Thymeleaf.
2023-07-05 01:28:16,738 WARN [http-nio-8080-exec-1] o.t.s.p.AbstractStandardFragmentInsertionTagProcessor [AbstractStandardFragmentInsertionTagProcessor.java:385] [THYMELEAF][http-nio-8080-exec-1][/error/500] Deprecated unwrapped fragment expression "index::header" found in template /error/500, line 14, col 38. Please use the complete syntax of fragment expressions instead ("~{index::header}"). The old, unwrapped syntax for fragment expressions will be removed in future versions of Thymeleaf.
2023-07-05 01:28:18,718 WARN [http-nio-8080-exec-7] o.t.s.p.AbstractStandardFragmentInsertionTagProcessor [AbstractStandardFragmentInsertionTagProcessor.java:385] [THYMELEAF][http-nio-8080-exec-7][/site/login] Deprecated unwrapped fragment expression "index::header" found in template /site/login, line 15, col 38. Please use the complete syntax of fragment expressions instead ("~{index::header}"). The old, unwrapped syntax for fragment expressions will be removed in future versions of Thymeleaf.
2023-07-05 01:28:18,774 WARN [http-nio-8080-exec-10] o.t.s.p.AbstractStandardFragmentInsertionTagProcessor [AbstractStandardFragmentInsertionTagProcessor.java:385] [THYMELEAF][http-nio-8080-exec-10][/error/500] Deprecated unwrapped fragment expression "index::header" found in template /error/500, line 14, col 38. Please use the complete syntax of fragment expressions instead ("~{index::header}"). The old, unwrapped syntax for fragment expressions will be removed in future versions of Thymeleaf.
2023-07-05 01:28:18,786 WARN [http-nio-8080-exec-8] o.t.s.p.AbstractStandardFragmentInsertionTagProcessor [AbstractStandardFragmentInsertionTagProcessor.java:385] [THYMELEAF][http-nio-8080-exec-8][/error/500] Deprecated unwrapped fragment expression "index::header" found in template /error/500, line 14, col 38. Please use the complete syntax of fragment expressions instead ("~{index::header}"). The old, unwrapped syntax for fragment expressions will be removed in future versions of Thymeleaf.
2023-07-05 01:28:18,787 WARN [http-nio-8080-exec-9] o.t.s.p.AbstractStandardFragmentInsertionTagProcessor [AbstractStandardFragmentInsertionTagProcessor.java:385] [THYMELEAF][http-nio-8080-exec-9][/error/500] Deprecated unwrapped fragment expression "index::header" found in template /error/500, line 14, col 38. Please use the complete syntax of fragment expressions instead ("~{index::header}"). The old, unwrapped syntax for fragment expressions will be removed in future versions of Thymeleaf.
2023-07-05 01:28:24,115 WARN [http-nio-8080-exec-10] o.t.s.p.AbstractStandardFragmentInsertionTagProcessor [AbstractStandardFragmentInsertionTagProcessor.java:385] [THYMELEAF][http-nio-8080-exec-10][/site/discuss-detail] Deprecated unwrapped fragment expression "index::header" found in template /site/discuss-detail, line 15, col 38. Please use the complete syntax of fragment expressions instead ("~{index::header}"). The old, unwrapped syntax for fragment expressions will be removed in future versions of Thymeleaf.
2023-07-05 01:28:24,140 WARN [http-nio-8080-exec-10] o.t.s.p.AbstractStandardFragmentInsertionTagProcessor [AbstractStandardFragmentInsertionTagProcessor.java:385] [THYMELEAF][http-nio-8080-exec-10][/site/discuss-detail] Deprecated unwrapped fragment expression "index::pagination" found in template /site/discuss-detail, line 205, col 23. Please use the complete syntax of fragment expressions instead ("~{index::pagination}"). The old, unwrapped syntax for fragment expressions will be removed in future versions of Thymeleaf.
2023-07-05 01:28:25,931 WARN [http-nio-8080-exec-2] o.s.w.s.m.m.a.ExceptionHandlerExceptionResolver [AbstractHandlerExceptionResolver.java:207] Resolved [java.lang.NullPointerException: Cannot invoke "com.coderbbs.bbsdemo.entity.User.getId()" because "user" is null]
2023-07-05 01:36:49,547 WARN [http-nio-8080-exec-10] o.s.w.s.m.m.a.ExceptionHandlerExceptionResolver [AbstractHandlerExceptionResolver.java:207] Resolved [java.lang.NullPointerException: Cannot invoke "com.coderbbs.bbsdemo.entity.User.getId()" because "user" is null]
2023-07-05 02:01:05,616 WARN [restartedMain] o.s.b.w.s.c.AnnotationConfigServletWebServerApplicationContext [AbstractApplicationContext.java:616] Exception encountered during context initialization - cancelling refresh attempt: org.springframework.beans.factory.BeanCreationException: Error creating bean with name 'requestMappingHandlerMapping' defined in class path resource [org/springframework/boot/autoconfigure/web/servlet/WebMvcAutoConfiguration$EnableWebMvcConfiguration.class]: Ambiguous mapping. Cannot map 'followController' method 
com.coderbbs.bbsdemo.controller.FollowController#unfollow(int, int)
to {POST [/follow]}: There is already 'followController' bean method
com.coderbbs.bbsdemo.controller.FollowController#follow(int, int) mapped.
2023-07-05 02:02:27,806 WARN [http-nio-8080-exec-1] o.s.w.s.m.m.a.ExceptionHandlerExceptionResolver [AbstractHandlerExceptionResolver.java:207] Resolved [org.springframework.web.method.annotation.MethodArgumentTypeMismatchException: Failed to convert value of type 'java.lang.String' to required type 'int'; For input string: "profile.html"]
2023-07-05 02:02:28,200 WARN [http-nio-8080-exec-2] o.t.s.p.AbstractStandardFragmentInsertionTagProcessor [AbstractStandardFragmentInsertionTagProcessor.java:385] [THYMELEAF][http-nio-8080-exec-2][error/500] Deprecated unwrapped fragment expression "index::header" found in template error/500, line 14, col 38. Please use the complete syntax of fragment expressions instead ("~{index::header}"). The old, unwrapped syntax for fragment expressions will be removed in future versions of Thymeleaf.
2023-07-05 02:02:33,388 WARN [http-nio-8080-exec-1] o.t.s.p.AbstractStandardFragmentInsertionTagProcessor [AbstractStandardFragmentInsertionTagProcessor.java:385] [THYMELEAF][http-nio-8080-exec-1][/site/profile] Deprecated unwrapped fragment expression "index::header" found in template /site/profile, line 14, col 38. Please use the complete syntax of fragment expressions instead ("~{index::header}"). The old, unwrapped syntax for fragment expressions will be removed in future versions of Thymeleaf.
2023-07-05 02:02:33,443 WARN [http-nio-8080-exec-3] o.t.s.p.AbstractStandardFragmentInsertionTagProcessor [AbstractStandardFragmentInsertionTagProcessor.java:385] [THYMELEAF][http-nio-8080-exec-3][/error/500] Deprecated unwrapped fragment expression "index::header" found in template /error/500, line 14, col 38. Please use the complete syntax of fragment expressions instead ("~{index::header}"). The old, unwrapped syntax for fragment expressions will be removed in future versions of Thymeleaf.
2023-07-05 02:02:33,443 WARN [http-nio-8080-exec-4] o.t.s.p.AbstractStandardFragmentInsertionTagProcessor [AbstractStandardFragmentInsertionTagProcessor.java:385] [THYMELEAF][http-nio-8080-exec-4][/error/500] Deprecated unwrapped fragment expression "index::header" found in template /error/500, line 14, col 38. Please use the complete syntax of fragment expressions instead ("~{index::header}"). The old, unwrapped syntax for fragment expressions will be removed in future versions of Thymeleaf.
2023-07-05 02:02:44,040 WARN [http-nio-8080-exec-5] o.s.w.s.m.m.a.ExceptionHandlerExceptionResolver [AbstractHandlerExceptionResolver.java:207] Resolved [org.springframework.web.method.annotation.MethodArgumentTypeMismatchException: Failed to convert value of type 'java.lang.String' to required type 'int'; For input string: "my-post.html"]
2023-07-05 02:02:44,058 WARN [http-nio-8080-exec-7] o.t.s.p.AbstractStandardFragmentInsertionTagProcessor [AbstractStandardFragmentInsertionTagProcessor.java:385] [THYMELEAF][http-nio-8080-exec-7][error/500] Deprecated unwrapped fragment expression "index::header" found in template error/500, line 14, col 38. Please use the complete syntax of fragment expressions instead ("~{index::header}"). The old, unwrapped syntax for fragment expressions will be removed in future versions of Thymeleaf.
2023-07-05 02:02:45,581 WARN [http-nio-8080-exec-9] o.t.s.p.AbstractStandardFragmentInsertionTagProcessor [AbstractStandardFragmentInsertionTagProcessor.java:385] [THYMELEAF][http-nio-8080-exec-9][/site/login] Deprecated unwrapped fragment expression "index::header" found in template /site/login, line 15, col 38. Please use the complete syntax of fragment expressions instead ("~{index::header}"). The old, unwrapped syntax for fragment expressions will be removed in future versions of Thymeleaf.
2023-07-05 02:02:45,643 WARN [http-nio-8080-exec-1] o.t.s.p.AbstractStandardFragmentInsertionTagProcessor [AbstractStandardFragmentInsertionTagProcessor.java:385] [THYMELEAF][http-nio-8080-exec-1][/error/500] Deprecated unwrapped fragment expression "index::header" found in template /error/500, line 14, col 38. Please use the complete syntax of fragment expressions instead ("~{index::header}"). The old, unwrapped syntax for fragment expressions will be removed in future versions of Thymeleaf.
2023-07-05 02:02:45,653 WARN [http-nio-8080-exec-2] o.t.s.p.AbstractStandardFragmentInsertionTagProcessor [AbstractStandardFragmentInsertionTagProcessor.java:385] [THYMELEAF][http-nio-8080-exec-2][/error/500] Deprecated unwrapped fragment expression "index::header" found in template /error/500, line 14, col 38. Please use the complete syntax of fragment expressions instead ("~{index::header}"). The old, unwrapped syntax for fragment expressions will be removed in future versions of Thymeleaf.
2023-07-05 02:02:45,661 WARN [http-nio-8080-exec-4] o.t.s.p.AbstractStandardFragmentInsertionTagProcessor [AbstractStandardFragmentInsertionTagProcessor.java:385] [THYMELEAF][http-nio-8080-exec-4][/error/500] Deprecated unwrapped fragment expression "index::header" found in template /error/500, line 14, col 38. Please use the complete syntax of fragment expressions instead ("~{index::header}"). The old, unwrapped syntax for fragment expressions will be removed in future versions of Thymeleaf.
2023-07-05 02:03:00,695 WARN [http-nio-8080-exec-1] o.t.s.p.AbstractStandardFragmentInsertionTagProcessor [AbstractStandardFragmentInsertionTagProcessor.java:385] [THYMELEAF][http-nio-8080-exec-1][/site/profile] Deprecated unwrapped fragment expression "index::header" found in template /site/profile, line 14, col 38. Please use the complete syntax of fragment expressions instead ("~{index::header}"). The old, unwrapped syntax for fragment expressions will be removed in future versions of Thymeleaf.
2023-07-05 02:03:00,753 WARN [http-nio-8080-exec-4] o.t.s.p.AbstractStandardFragmentInsertionTagProcessor [AbstractStandardFragmentInsertionTagProcessor.java:385] [THYMELEAF][http-nio-8080-exec-4][/error/500] Deprecated unwrapped fragment expression "index::header" found in template /error/500, line 14, col 38. Please use the complete syntax of fragment expressions instead ("~{index::header}"). The old, unwrapped syntax for fragment expressions will be removed in future versions of Thymeleaf.
2023-07-05 02:03:00,753 WARN [http-nio-8080-exec-3] o.t.s.p.AbstractStandardFragmentInsertionTagProcessor [AbstractStandardFragmentInsertionTagProcessor.java:385] [THYMELEAF][http-nio-8080-exec-3][/error/500] Deprecated unwrapped fragment expression "index::header" found in template /error/500, line 14, col 38. Please use the complete syntax of fragment expressions instead ("~{index::header}"). The old, unwrapped syntax for fragment expressions will be removed in future versions of Thymeleaf.
2023-07-05 02:08:08,702 WARN [http-nio-8080-exec-1] o.t.s.p.AbstractStandardFragmentInsertionTagProcessor [AbstractStandardFragmentInsertionTagProcessor.java:385] [THYMELEAF][http-nio-8080-exec-1][/site/profile] Deprecated unwrapped fragment expression "index::header" found in template /site/profile, line 14, col 38. Please use the complete syntax of fragment expressions instead ("~{index::header}"). The old, unwrapped syntax for fragment expressions will be removed in future versions of Thymeleaf.
2023-07-05 02:08:08,843 WARN [http-nio-8080-exec-5] o.t.s.p.AbstractStandardFragmentInsertionTagProcessor [AbstractStandardFragmentInsertionTagProcessor.java:385] [THYMELEAF][http-nio-8080-exec-5][/error/500] Deprecated unwrapped fragment expression "index::header" found in template /error/500, line 14, col 38. Please use the complete syntax of fragment expressions instead ("~{index::header}"). The old, unwrapped syntax for fragment expressions will be removed in future versions of Thymeleaf.
2023-07-05 02:08:08,843 WARN [http-nio-8080-exec-2] o.t.s.p.AbstractStandardFragmentInsertionTagProcessor [AbstractStandardFragmentInsertionTagProcessor.java:385] [THYMELEAF][http-nio-8080-exec-2][/error/500] Deprecated unwrapped fragment expression "index::header" found in template /error/500, line 14, col 38. Please use the complete syntax of fragment expressions instead ("~{index::header}"). The old, unwrapped syntax for fragment expressions will be removed in future versions of Thymeleaf.
2023-07-05 17:06:56,844 WARN [HikariPool-1 housekeeper] c.z.h.p.HikariPool [HikariPool.java:804] HikariPool-1 - Thread starvation or clock leap detected (housekeeper delta=14h54m22s615ms407µs600ns).
2023-07-05 17:36:29,869 WARN [http-nio-8080-exec-7] o.t.s.p.AbstractStandardFragmentInsertionTagProcessor [AbstractStandardFragmentInsertionTagProcessor.java:385] [THYMELEAF][http-nio-8080-exec-7][/site/login] Deprecated unwrapped fragment expression "index::header" found in template /site/login, line 15, col 38. Please use the complete syntax of fragment expressions instead ("~{index::header}"). The old, unwrapped syntax for fragment expressions will be removed in future versions of Thymeleaf.
2023-07-05 17:36:29,958 WARN [http-nio-8080-exec-10] o.t.s.p.AbstractStandardFragmentInsertionTagProcessor [AbstractStandardFragmentInsertionTagProcessor.java:385] [THYMELEAF][http-nio-8080-exec-10][/error/500] Deprecated unwrapped fragment expression "index::header" found in template /error/500, line 14, col 38. Please use the complete syntax of fragment expressions instead ("~{index::header}"). The old, unwrapped syntax for fragment expressions will be removed in future versions of Thymeleaf.
2023-07-05 17:36:29,958 WARN [http-nio-8080-exec-3] o.t.s.p.AbstractStandardFragmentInsertionTagProcessor [AbstractStandardFragmentInsertionTagProcessor.java:385] [THYMELEAF][http-nio-8080-exec-3][/error/500] Deprecated unwrapped fragment expression "index::header" found in template /error/500, line 14, col 38. Please use the complete syntax of fragment expressions instead ("~{index::header}"). The old, unwrapped syntax for fragment expressions will be removed in future versions of Thymeleaf.
2023-07-05 17:36:29,958 WARN [http-nio-8080-exec-9] o.t.s.p.AbstractStandardFragmentInsertionTagProcessor [AbstractStandardFragmentInsertionTagProcessor.java:385] [THYMELEAF][http-nio-8080-exec-9][/error/500] Deprecated unwrapped fragment expression "index::header" found in template /error/500, line 14, col 38. Please use the complete syntax of fragment expressions instead ("~{index::header}"). The old, unwrapped syntax for fragment expressions will be removed in future versions of Thymeleaf.
2023-07-05 17:36:43,522 WARN [http-nio-8080-exec-9] o.t.s.p.AbstractStandardFragmentInsertionTagProcessor [AbstractStandardFragmentInsertionTagProcessor.java:385] [THYMELEAF][http-nio-8080-exec-9][/site/profile] Deprecated unwrapped fragment expression "index::header" found in template /site/profile, line 14, col 38. Please use the complete syntax of fragment expressions instead ("~{index::header}"). The old, unwrapped syntax for fragment expressions will be removed in future versions of Thymeleaf.
2023-07-05 17:36:43,586 WARN [http-nio-8080-exec-5] o.t.s.p.AbstractStandardFragmentInsertionTagProcessor [AbstractStandardFragmentInsertionTagProcessor.java:385] [THYMELEAF][http-nio-8080-exec-5][/error/500] Deprecated unwrapped fragment expression "index::header" found in template /error/500, line 14, col 38. Please use the complete syntax of fragment expressions instead ("~{index::header}"). The old, unwrapped syntax for fragment expressions will be removed in future versions of Thymeleaf.
2023-07-05 17:36:43,589 WARN [http-nio-8080-exec-1] o.t.s.p.AbstractStandardFragmentInsertionTagProcessor [AbstractStandardFragmentInsertionTagProcessor.java:385] [THYMELEAF][http-nio-8080-exec-1][/error/500] Deprecated unwrapped fragment expression "index::header" found in template /error/500, line 14, col 38. Please use the complete syntax of fragment expressions instead ("~{index::header}"). The old, unwrapped syntax for fragment expressions will be removed in future versions of Thymeleaf.
2023-07-05 17:37:30,775 WARN [http-nio-8080-exec-9] o.t.s.p.AbstractStandardFragmentInsertionTagProcessor [AbstractStandardFragmentInsertionTagProcessor.java:385] [THYMELEAF][http-nio-8080-exec-9][/site/profile] Deprecated unwrapped fragment expression "index::header" found in template /site/profile, line 14, col 38. Please use the complete syntax of fragment expressions instead ("~{index::header}"). The old, unwrapped syntax for fragment expressions will be removed in future versions of Thymeleaf.
2023-07-05 17:37:30,842 WARN [http-nio-8080-exec-1] o.t.s.p.AbstractStandardFragmentInsertionTagProcessor [AbstractStandardFragmentInsertionTagProcessor.java:385] [THYMELEAF][http-nio-8080-exec-1][/error/500] Deprecated unwrapped fragment expression "index::header" found in template /error/500, line 14, col 38. Please use the complete syntax of fragment expressions instead ("~{index::header}"). The old, unwrapped syntax for fragment expressions will be removed in future versions of Thymeleaf.
2023-07-05 17:37:30,855 WARN [http-nio-8080-exec-5] o.t.s.p.AbstractStandardFragmentInsertionTagProcessor [AbstractStandardFragmentInsertionTagProcessor.java:385] [THYMELEAF][http-nio-8080-exec-5][/error/500] Deprecated unwrapped fragment expression "index::header" found in template /error/500, line 14, col 38. Please use the complete syntax of fragment expressions instead ("~{index::header}"). The old, unwrapped syntax for fragment expressions will be removed in future versions of Thymeleaf.
2023-07-05 17:37:49,727 WARN [http-nio-8080-exec-9] o.t.s.p.AbstractStandardFragmentInsertionTagProcessor [AbstractStandardFragmentInsertionTagProcessor.java:385] [THYMELEAF][http-nio-8080-exec-9][/site/discuss-detail] Deprecated unwrapped fragment expression "index::header" found in template /site/discuss-detail, line 15, col 38. Please use the complete syntax of fragment expressions instead ("~{index::header}"). The old, unwrapped syntax for fragment expressions will be removed in future versions of Thymeleaf.
2023-07-05 17:37:49,748 WARN [http-nio-8080-exec-9] o.t.s.p.AbstractStandardFragmentInsertionTagProcessor [AbstractStandardFragmentInsertionTagProcessor.java:385] [THYMELEAF][http-nio-8080-exec-9][/site/discuss-detail] Deprecated unwrapped fragment expression "index::pagination" found in template /site/discuss-detail, line 205, col 23. Please use the complete syntax of fragment expressions instead ("~{index::pagination}"). The old, unwrapped syntax for fragment expressions will be removed in future versions of Thymeleaf.
2023-07-05 17:38:05,541 WARN [http-nio-8080-exec-3] o.t.s.p.AbstractStandardFragmentInsertionTagProcessor [AbstractStandardFragmentInsertionTagProcessor.java:385] [THYMELEAF][http-nio-8080-exec-3][/site/profile] Deprecated unwrapped fragment expression "index::header" found in template /site/profile, line 14, col 38. Please use the complete syntax of fragment expressions instead ("~{index::header}"). The old, unwrapped syntax for fragment expressions will be removed in future versions of Thymeleaf.
2023-07-05 17:38:05,615 WARN [http-nio-8080-exec-1] o.t.s.p.AbstractStandardFragmentInsertionTagProcessor [AbstractStandardFragmentInsertionTagProcessor.java:385] [THYMELEAF][http-nio-8080-exec-1][/error/500] Deprecated unwrapped fragment expression "index::header" found in template /error/500, line 14, col 38. Please use the complete syntax of fragment expressions instead ("~{index::header}"). The old, unwrapped syntax for fragment expressions will be removed in future versions of Thymeleaf.
2023-07-05 17:38:05,646 WARN [http-nio-8080-exec-2] o.t.s.p.AbstractStandardFragmentInsertionTagProcessor [AbstractStandardFragmentInsertionTagProcessor.java:385] [THYMELEAF][http-nio-8080-exec-2][/error/500] Deprecated unwrapped fragment expression "index::header" found in template /error/500, line 14, col 38. Please use the complete syntax of fragment expressions instead ("~{index::header}"). The old, unwrapped syntax for fragment expressions will be removed in future versions of Thymeleaf.
2023-07-05 17:41:04,369 WARN [http-nio-8080-exec-6] o.t.s.p.AbstractStandardFragmentInsertionTagProcessor [AbstractStandardFragmentInsertionTagProcessor.java:385] [THYMELEAF][http-nio-8080-exec-6][/site/profile] Deprecated unwrapped fragment expression "index::header" found in template /site/profile, line 14, col 38. Please use the complete syntax of fragment expressions instead ("~{index::header}"). The old, unwrapped syntax for fragment expressions will be removed in future versions of Thymeleaf.
2023-07-05 17:41:04,454 WARN [http-nio-8080-exec-8] o.t.s.p.AbstractStandardFragmentInsertionTagProcessor [AbstractStandardFragmentInsertionTagProcessor.java:385] [THYMELEAF][http-nio-8080-exec-8][/error/500] Deprecated unwrapped fragment expression "index::header" found in template /error/500, line 14, col 38. Please use the complete syntax of fragment expressions instead ("~{index::header}"). The old, unwrapped syntax for fragment expressions will be removed in future versions of Thymeleaf.
2023-07-05 17:41:04,454 WARN [http-nio-8080-exec-9] o.t.s.p.AbstractStandardFragmentInsertionTagProcessor [AbstractStandardFragmentInsertionTagProcessor.java:385] [THYMELEAF][http-nio-8080-exec-9][/error/500] Deprecated unwrapped fragment expression "index::header" found in template /error/500, line 14, col 38. Please use the complete syntax of fragment expressions instead ("~{index::header}"). The old, unwrapped syntax for fragment expressions will be removed in future versions of Thymeleaf.
2023-07-05 17:58:48,370 WARN [Thread-5] o.a.c.l.WebappClassLoaderBase [DirectJDKLog.java:173] The web application [community] appears to have started a thread named [HikariPool-1 housekeeper] but has failed to stop it. This is very likely to create a memory leak. Stack trace of thread:
 java.base/jdk.internal.misc.Unsafe.park(Native Method)
 java.base/java.util.concurrent.locks.LockSupport.parkNanos(LockSupport.java:269)
 java.base/java.util.concurrent.locks.AbstractQueuedSynchronizer$ConditionObject.awaitNanos(AbstractQueuedSynchronizer.java:1758)
 java.base/java.util.concurrent.ScheduledThreadPoolExecutor$DelayedWorkQueue.take(ScheduledThreadPoolExecutor.java:1182)
 java.base/java.util.concurrent.ScheduledThreadPoolExecutor$DelayedWorkQueue.take(ScheduledThreadPoolExecutor.java:899)
 java.base/java.util.concurrent.ThreadPoolExecutor.getTask(ThreadPoolExecutor.java:1070)
 java.base/java.util.concurrent.ThreadPoolExecutor.runWorker(ThreadPoolExecutor.java:1130)
 java.base/java.util.concurrent.ThreadPoolExecutor$Worker.run(ThreadPoolExecutor.java:642)
 java.base/java.lang.Thread.run(Thread.java:1623)
2023-07-05 17:58:48,371 WARN [Thread-5] o.a.c.l.WebappClassLoaderBase [DirectJDKLog.java:173] The web application [community] appears to have started a thread named [lettuce-nioEventLoop-4-1] but has failed to stop it. This is very likely to create a memory leak. Stack trace of thread:
 java.base/sun.nio.ch.WEPoll.wait(Native Method)
 java.base/sun.nio.ch.WEPollSelectorImpl.doSelect(WEPollSelectorImpl.java:114)
 java.base/sun.nio.ch.SelectorImpl.lockAndDoSelect(SelectorImpl.java:130)
 java.base/sun.nio.ch.SelectorImpl.select(SelectorImpl.java:147)
 io.netty.channel.nio.SelectedSelectionKeySetSelector.select(SelectedSelectionKeySetSelector.java:68)
 io.netty.channel.nio.NioEventLoop.select(NioEventLoop.java:879)
 io.netty.channel.nio.NioEventLoop.run(NioEventLoop.java:526)
 io.netty.util.concurrent.SingleThreadEventExecutor$4.run(SingleThreadEventExecutor.java:997)
 io.netty.util.internal.ThreadExecutorMap$2.run(ThreadExecutorMap.java:74)
 io.netty.util.concurrent.FastThreadLocalRunnable.run(FastThreadLocalRunnable.java:30)
 java.base/java.lang.Thread.run(Thread.java:1623)
2023-07-05 17:58:48,371 WARN [Thread-5] o.a.c.l.WebappClassLoaderBase [DirectJDKLog.java:173] The web application [community] appears to have started a thread named [lettuce-eventExecutorLoop-1-1] but has failed to stop it. This is very likely to create a memory leak. Stack trace of thread:
 java.base/jdk.internal.misc.Unsafe.park(Native Method)
 java.base/java.util.concurrent.locks.LockSupport.park(LockSupport.java:371)
 java.base/java.util.concurrent.locks.AbstractQueuedSynchronizer$ConditionNode.block(AbstractQueuedSynchronizer.java:519)
 java.base/java.util.concurrent.ForkJoinPool.unmanagedBlock(ForkJoinPool.java:3780)
 java.base/java.util.concurrent.ForkJoinPool.managedBlock(ForkJoinPool.java:3725)
 java.base/java.util.concurrent.locks.AbstractQueuedSynchronizer$ConditionObject.await(AbstractQueuedSynchronizer.java:1707)
 java.base/java.util.concurrent.LinkedBlockingQueue.take(LinkedBlockingQueue.java:435)
 io.netty.util.concurrent.SingleThreadEventExecutor.takeTask(SingleThreadEventExecutor.java:244)
 io.netty.util.concurrent.DefaultEventExecutor.run(DefaultEventExecutor.java:64)
 io.netty.util.concurrent.SingleThreadEventExecutor$4.run(SingleThreadEventExecutor.java:997)
 io.netty.util.internal.ThreadExecutorMap$2.run(ThreadExecutorMap.java:74)
 io.netty.util.concurrent.FastThreadLocalRunnable.run(FastThreadLocalRunnable.java:30)
 java.base/java.lang.Thread.run(Thread.java:1623)
2023-07-05 17:58:48,372 WARN [Thread-5] o.a.c.l.WebappClassLoaderBase [DirectJDKLog.java:173] The web application [community] appears to have started a thread named [lettuce-eventExecutorLoop-1-2] but has failed to stop it. This is very likely to create a memory leak. Stack trace of thread:
 java.base/jdk.internal.misc.Unsafe.park(Native Method)
 java.base/java.util.concurrent.locks.LockSupport.park(LockSupport.java:371)
 java.base/java.util.concurrent.locks.AbstractQueuedSynchronizer$ConditionNode.block(AbstractQueuedSynchronizer.java:519)
 java.base/java.util.concurrent.ForkJoinPool.unmanagedBlock(ForkJoinPool.java:3780)
 java.base/java.util.concurrent.ForkJoinPool.managedBlock(ForkJoinPool.java:3725)
 java.base/java.util.concurrent.locks.AbstractQueuedSynchronizer$ConditionObject.await(AbstractQueuedSynchronizer.java:1707)
 java.base/java.util.concurrent.LinkedBlockingQueue.take(LinkedBlockingQueue.java:435)
 io.netty.util.concurrent.SingleThreadEventExecutor.takeTask(SingleThreadEventExecutor.java:244)
 io.netty.util.concurrent.DefaultEventExecutor.run(DefaultEventExecutor.java:64)
 io.netty.util.concurrent.SingleThreadEventExecutor$4.run(SingleThreadEventExecutor.java:997)
 io.netty.util.internal.ThreadExecutorMap$2.run(ThreadExecutorMap.java:74)
 io.netty.util.concurrent.FastThreadLocalRunnable.run(FastThreadLocalRunnable.java:30)
 java.base/java.lang.Thread.run(Thread.java:1623)
2023-07-05 17:58:48,372 WARN [Thread-5] o.a.c.l.WebappClassLoaderBase [DirectJDKLog.java:173] The web application [community] appears to have started a thread named [lettuce-eventExecutorLoop-1-3] but has failed to stop it. This is very likely to create a memory leak. Stack trace of thread:
 java.base/jdk.internal.misc.Unsafe.park(Native Method)
 java.base/java.util.concurrent.locks.LockSupport.park(LockSupport.java:371)
 java.base/java.util.concurrent.locks.AbstractQueuedSynchronizer$ConditionNode.block(AbstractQueuedSynchronizer.java:519)
 java.base/java.util.concurrent.ForkJoinPool.unmanagedBlock(ForkJoinPool.java:3780)
 java.base/java.util.concurrent.ForkJoinPool.managedBlock(ForkJoinPool.java:3725)
 java.base/java.util.concurrent.locks.AbstractQueuedSynchronizer$ConditionObject.await(AbstractQueuedSynchronizer.java:1707)
 java.base/java.util.concurrent.LinkedBlockingQueue.take(LinkedBlockingQueue.java:435)
 io.netty.util.concurrent.SingleThreadEventExecutor.takeTask(SingleThreadEventExecutor.java:244)
 io.netty.util.concurrent.DefaultEventExecutor.run(DefaultEventExecutor.java:64)
 io.netty.util.concurrent.SingleThreadEventExecutor$4.run(SingleThreadEventExecutor.java:997)
 io.netty.util.internal.ThreadExecutorMap$2.run(ThreadExecutorMap.java:74)
 io.netty.util.concurrent.FastThreadLocalRunnable.run(FastThreadLocalRunnable.java:30)
 java.base/java.lang.Thread.run(Thread.java:1623)
2023-07-05 17:58:48,372 WARN [Thread-5] o.a.c.l.WebappClassLoaderBase [DirectJDKLog.java:173] The web application [community] appears to have started a thread named [lettuce-eventExecutorLoop-1-4] but has failed to stop it. This is very likely to create a memory leak. Stack trace of thread:
 java.base/jdk.internal.misc.Unsafe.park(Native Method)
 java.base/java.util.concurrent.locks.LockSupport.park(LockSupport.java:371)
 java.base/java.util.concurrent.locks.AbstractQueuedSynchronizer$ConditionNode.block(AbstractQueuedSynchronizer.java:519)
 java.base/java.util.concurrent.ForkJoinPool.unmanagedBlock(ForkJoinPool.java:3780)
 java.base/java.util.concurrent.ForkJoinPool.managedBlock(ForkJoinPool.java:3725)
 java.base/java.util.concurrent.locks.AbstractQueuedSynchronizer$ConditionObject.await(AbstractQueuedSynchronizer.java:1707)
 java.base/java.util.concurrent.LinkedBlockingQueue.take(LinkedBlockingQueue.java:435)
 io.netty.util.concurrent.SingleThreadEventExecutor.takeTask(SingleThreadEventExecutor.java:244)
 io.netty.util.concurrent.DefaultEventExecutor.run(DefaultEventExecutor.java:64)
 io.netty.util.concurrent.SingleThreadEventExecutor$4.run(SingleThreadEventExecutor.java:997)
 io.netty.util.internal.ThreadExecutorMap$2.run(ThreadExecutorMap.java:74)
 io.netty.util.concurrent.FastThreadLocalRunnable.run(FastThreadLocalRunnable.java:30)
 java.base/java.lang.Thread.run(Thread.java:1623)
2023-07-05 17:58:48,373 WARN [Thread-5] o.a.c.l.WebappClassLoaderBase [DirectJDKLog.java:173] The web application [community] appears to have started a thread named [lettuce-eventExecutorLoop-1-5] but has failed to stop it. This is very likely to create a memory leak. Stack trace of thread:
 java.base/jdk.internal.misc.Unsafe.park(Native Method)
 java.base/java.util.concurrent.locks.LockSupport.park(LockSupport.java:371)
 java.base/java.util.concurrent.locks.AbstractQueuedSynchronizer$ConditionNode.block(AbstractQueuedSynchronizer.java:519)
 java.base/java.util.concurrent.ForkJoinPool.unmanagedBlock(ForkJoinPool.java:3780)
 java.base/java.util.concurrent.ForkJoinPool.managedBlock(ForkJoinPool.java:3725)
 java.base/java.util.concurrent.locks.AbstractQueuedSynchronizer$ConditionObject.await(AbstractQueuedSynchronizer.java:1707)
 java.base/java.util.concurrent.LinkedBlockingQueue.take(LinkedBlockingQueue.java:435)
 io.netty.util.concurrent.SingleThreadEventExecutor.takeTask(SingleThreadEventExecutor.java:244)
 io.netty.util.concurrent.DefaultEventExecutor.run(DefaultEventExecutor.java:64)
 io.netty.util.concurrent.SingleThreadEventExecutor$4.run(SingleThreadEventExecutor.java:997)
 io.netty.util.internal.ThreadExecutorMap$2.run(ThreadExecutorMap.java:74)
 io.netty.util.concurrent.FastThreadLocalRunnable.run(FastThreadLocalRunnable.java:30)
 java.base/java.lang.Thread.run(Thread.java:1623)
2023-07-05 17:58:48,373 WARN [Thread-5] o.a.c.l.WebappClassLoaderBase [DirectJDKLog.java:173] The web application [community] appears to have started a thread named [lettuce-eventExecutorLoop-1-6] but has failed to stop it. This is very likely to create a memory leak. Stack trace of thread:
 java.base/jdk.internal.misc.Unsafe.park(Native Method)
 java.base/java.util.concurrent.locks.LockSupport.park(LockSupport.java:371)
 java.base/java.util.concurrent.locks.AbstractQueuedSynchronizer$ConditionNode.block(AbstractQueuedSynchronizer.java:519)
 java.base/java.util.concurrent.ForkJoinPool.unmanagedBlock(ForkJoinPool.java:3780)
 java.base/java.util.concurrent.ForkJoinPool.managedBlock(ForkJoinPool.java:3725)
 java.base/java.util.concurrent.locks.AbstractQueuedSynchronizer$ConditionObject.await(AbstractQueuedSynchronizer.java:1707)
 java.base/java.util.concurrent.LinkedBlockingQueue.take(LinkedBlockingQueue.java:435)
 io.netty.util.concurrent.SingleThreadEventExecutor.takeTask(SingleThreadEventExecutor.java:244)
 io.netty.util.concurrent.DefaultEventExecutor.run(DefaultEventExecutor.java:64)
 io.netty.util.concurrent.SingleThreadEventExecutor$4.run(SingleThreadEventExecutor.java:997)
 io.netty.util.internal.ThreadExecutorMap$2.run(ThreadExecutorMap.java:74)
 io.netty.util.concurrent.FastThreadLocalRunnable.run(FastThreadLocalRunnable.java:30)
 java.base/java.lang.Thread.run(Thread.java:1623)
2023-07-05 17:58:48,373 WARN [Thread-5] o.a.c.l.WebappClassLoaderBase [DirectJDKLog.java:173] The web application [community] appears to have started a thread named [lettuce-eventExecutorLoop-1-7] but has failed to stop it. This is very likely to create a memory leak. Stack trace of thread:
 java.base/jdk.internal.misc.Unsafe.park(Native Method)
 java.base/java.util.concurrent.locks.LockSupport.park(LockSupport.java:371)
 java.base/java.util.concurrent.locks.AbstractQueuedSynchronizer$ConditionNode.block(AbstractQueuedSynchronizer.java:519)
 java.base/java.util.concurrent.ForkJoinPool.unmanagedBlock(ForkJoinPool.java:3780)
 java.base/java.util.concurrent.ForkJoinPool.managedBlock(ForkJoinPool.java:3725)
 java.base/java.util.concurrent.locks.AbstractQueuedSynchronizer$ConditionObject.await(AbstractQueuedSynchronizer.java:1707)
 java.base/java.util.concurrent.LinkedBlockingQueue.take(LinkedBlockingQueue.java:435)
 io.netty.util.concurrent.SingleThreadEventExecutor.takeTask(SingleThreadEventExecutor.java:244)
 io.netty.util.concurrent.DefaultEventExecutor.run(DefaultEventExecutor.java:64)
 io.netty.util.concurrent.SingleThreadEventExecutor$4.run(SingleThreadEventExecutor.java:997)
 io.netty.util.internal.ThreadExecutorMap$2.run(ThreadExecutorMap.java:74)
 io.netty.util.concurrent.FastThreadLocalRunnable.run(FastThreadLocalRunnable.java:30)
 java.base/java.lang.Thread.run(Thread.java:1623)
2023-07-05 17:58:48,374 WARN [Thread-5] o.a.c.l.WebappClassLoaderBase [DirectJDKLog.java:173] The web application [community] appears to have started a thread named [lettuce-eventExecutorLoop-1-8] but has failed to stop it. This is very likely to create a memory leak. Stack trace of thread:
 java.base/jdk.internal.misc.Unsafe.park(Native Method)
 java.base/java.util.concurrent.locks.LockSupport.park(LockSupport.java:371)
 java.base/java.util.concurrent.locks.AbstractQueuedSynchronizer$ConditionNode.block(AbstractQueuedSynchronizer.java:519)
 java.base/java.util.concurrent.ForkJoinPool.unmanagedBlock(ForkJoinPool.java:3780)
 java.base/java.util.concurrent.ForkJoinPool.managedBlock(ForkJoinPool.java:3725)
 java.base/java.util.concurrent.locks.AbstractQueuedSynchronizer$ConditionObject.await(AbstractQueuedSynchronizer.java:1707)
 java.base/java.util.concurrent.LinkedBlockingQueue.take(LinkedBlockingQueue.java:435)
 io.netty.util.concurrent.SingleThreadEventExecutor.takeTask(SingleThreadEventExecutor.java:244)
 io.netty.util.concurrent.DefaultEventExecutor.run(DefaultEventExecutor.java:64)
 io.netty.util.concurrent.SingleThreadEventExecutor$4.run(SingleThreadEventExecutor.java:997)
 io.netty.util.internal.ThreadExecutorMap$2.run(ThreadExecutorMap.java:74)
 io.netty.util.concurrent.FastThreadLocalRunnable.run(FastThreadLocalRunnable.java:30)
 java.base/java.lang.Thread.run(Thread.java:1623)
2023-07-05 17:58:48,374 WARN [Thread-5] o.a.c.l.WebappClassLoaderBase [DirectJDKLog.java:173] The web application [community] appears to have started a thread named [lettuce-eventExecutorLoop-1-9] but has failed to stop it. This is very likely to create a memory leak. Stack trace of thread:
 java.base/jdk.internal.misc.Unsafe.park(Native Method)
 java.base/java.util.concurrent.locks.LockSupport.park(LockSupport.java:371)
 java.base/java.util.concurrent.locks.AbstractQueuedSynchronizer$ConditionNode.block(AbstractQueuedSynchronizer.java:519)
 java.base/java.util.concurrent.ForkJoinPool.unmanagedBlock(ForkJoinPool.java:3780)
 java.base/java.util.concurrent.ForkJoinPool.managedBlock(ForkJoinPool.java:3725)
 java.base/java.util.concurrent.locks.AbstractQueuedSynchronizer$ConditionObject.await(AbstractQueuedSynchronizer.java:1707)
 java.base/java.util.concurrent.LinkedBlockingQueue.take(LinkedBlockingQueue.java:435)
 io.netty.util.concurrent.SingleThreadEventExecutor.takeTask(SingleThreadEventExecutor.java:244)
 io.netty.util.concurrent.DefaultEventExecutor.run(DefaultEventExecutor.java:64)
 io.netty.util.concurrent.SingleThreadEventExecutor$4.run(SingleThreadEventExecutor.java:997)
 io.netty.util.internal.ThreadExecutorMap$2.run(ThreadExecutorMap.java:74)
 io.netty.util.concurrent.FastThreadLocalRunnable.run(FastThreadLocalRunnable.java:30)
 java.base/java.lang.Thread.run(Thread.java:1623)
2023-07-05 17:58:48,374 WARN [Thread-5] o.a.c.l.WebappClassLoaderBase [DirectJDKLog.java:173] The web application [community] appears to have started a thread named [lettuce-eventExecutorLoop-1-10] but has failed to stop it. This is very likely to create a memory leak. Stack trace of thread:
 java.base/jdk.internal.misc.Unsafe.park(Native Method)
 java.base/java.util.concurrent.locks.LockSupport.park(LockSupport.java:371)
 java.base/java.util.concurrent.locks.AbstractQueuedSynchronizer$ConditionNode.block(AbstractQueuedSynchronizer.java:519)
 java.base/java.util.concurrent.ForkJoinPool.unmanagedBlock(ForkJoinPool.java:3780)
 java.base/java.util.concurrent.ForkJoinPool.managedBlock(ForkJoinPool.java:3725)
 java.base/java.util.concurrent.locks.AbstractQueuedSynchronizer$ConditionObject.await(AbstractQueuedSynchronizer.java:1707)
 java.base/java.util.concurrent.LinkedBlockingQueue.take(LinkedBlockingQueue.java:435)
 io.netty.util.concurrent.SingleThreadEventExecutor.takeTask(SingleThreadEventExecutor.java:244)
 io.netty.util.concurrent.DefaultEventExecutor.run(DefaultEventExecutor.java:64)
 io.netty.util.concurrent.SingleThreadEventExecutor$4.run(SingleThreadEventExecutor.java:997)
 io.netty.util.internal.ThreadExecutorMap$2.run(ThreadExecutorMap.java:74)
 io.netty.util.concurrent.FastThreadLocalRunnable.run(FastThreadLocalRunnable.java:30)
 java.base/java.lang.Thread.run(Thread.java:1623)
2023-07-05 17:58:48,375 WARN [Thread-5] o.a.c.l.WebappClassLoaderBase [DirectJDKLog.java:173] The web application [community] appears to have started a thread named [lettuce-eventExecutorLoop-1-11] but has failed to stop it. This is very likely to create a memory leak. Stack trace of thread:
 java.base/jdk.internal.misc.Unsafe.park(Native Method)
 java.base/java.util.concurrent.locks.LockSupport.park(LockSupport.java:371)
 java.base/java.util.concurrent.locks.AbstractQueuedSynchronizer$ConditionNode.block(AbstractQueuedSynchronizer.java:519)
 java.base/java.util.concurrent.ForkJoinPool.unmanagedBlock(ForkJoinPool.java:3780)
 java.base/java.util.concurrent.ForkJoinPool.managedBlock(ForkJoinPool.java:3725)
 java.base/java.util.concurrent.locks.AbstractQueuedSynchronizer$ConditionObject.await(AbstractQueuedSynchronizer.java:1707)
 java.base/java.util.concurrent.LinkedBlockingQueue.take(LinkedBlockingQueue.java:435)
 io.netty.util.concurrent.SingleThreadEventExecutor.takeTask(SingleThreadEventExecutor.java:244)
 io.netty.util.concurrent.DefaultEventExecutor.run(DefaultEventExecutor.java:64)
 io.netty.util.concurrent.SingleThreadEventExecutor$4.run(SingleThreadEventExecutor.java:997)
 io.netty.util.internal.ThreadExecutorMap$2.run(ThreadExecutorMap.java:74)
 io.netty.util.concurrent.FastThreadLocalRunnable.run(FastThreadLocalRunnable.java:30)
 java.base/java.lang.Thread.run(Thread.java:1623)
2023-07-05 17:58:49,753 WARN [restartedMain] o.s.b.w.s.c.AnnotationConfigServletWebServerApplicationContext [AbstractApplicationContext.java:616] Exception encountered during context initialization - cancelling refresh attempt: org.springframework.beans.factory.UnsatisfiedDependencyException: Error creating bean with name 'followController': Unsatisfied dependency expressed through field 'followService': No qualifying bean of type 'com.coderbbs.bbsdemo.service.FollowService' available: expected at least 1 bean which qualifies as autowire candidate. Dependency annotations: {@org.springframework.beans.factory.annotation.Autowired(required=true)}
2023-07-05 17:59:13,665 WARN [http-nio-8080-exec-6] o.t.s.p.AbstractStandardFragmentInsertionTagProcessor [AbstractStandardFragmentInsertionTagProcessor.java:385] [THYMELEAF][http-nio-8080-exec-6][/site/profile] Deprecated unwrapped fragment expression "index::header" found in template /site/profile, line 14, col 38. Please use the complete syntax of fragment expressions instead ("~{index::header}"). The old, unwrapped syntax for fragment expressions will be removed in future versions of Thymeleaf.
2023-07-05 17:59:13,734 WARN [http-nio-8080-exec-10] o.t.s.p.AbstractStandardFragmentInsertionTagProcessor [AbstractStandardFragmentInsertionTagProcessor.java:385] [THYMELEAF][http-nio-8080-exec-10][/error/500] Deprecated unwrapped fragment expression "index::header" found in template /error/500, line 14, col 38. Please use the complete syntax of fragment expressions instead ("~{index::header}"). The old, unwrapped syntax for fragment expressions will be removed in future versions of Thymeleaf.
2023-07-05 17:59:13,741 WARN [http-nio-8080-exec-9] o.t.s.p.AbstractStandardFragmentInsertionTagProcessor [AbstractStandardFragmentInsertionTagProcessor.java:385] [THYMELEAF][http-nio-8080-exec-9][/error/500] Deprecated unwrapped fragment expression "index::header" found in template /error/500, line 14, col 38. Please use the complete syntax of fragment expressions instead ("~{index::header}"). The old, unwrapped syntax for fragment expressions will be removed in future versions of Thymeleaf.
2023-07-05 17:59:40,431 WARN [http-nio-8080-exec-2] o.t.s.p.AbstractStandardFragmentInsertionTagProcessor [AbstractStandardFragmentInsertionTagProcessor.java:385] [THYMELEAF][http-nio-8080-exec-2][/site/profile] Deprecated unwrapped fragment expression "index::header" found in template /site/profile, line 14, col 38. Please use the complete syntax of fragment expressions instead ("~{index::header}"). The old, unwrapped syntax for fragment expressions will be removed in future versions of Thymeleaf.
2023-07-05 17:59:40,480 WARN [http-nio-8080-exec-4] o.t.s.p.AbstractStandardFragmentInsertionTagProcessor [AbstractStandardFragmentInsertionTagProcessor.java:385] [THYMELEAF][http-nio-8080-exec-4][/error/500] Deprecated unwrapped fragment expression "index::header" found in template /error/500, line 14, col 38. Please use the complete syntax of fragment expressions instead ("~{index::header}"). The old, unwrapped syntax for fragment expressions will be removed in future versions of Thymeleaf.
2023-07-05 17:59:40,491 WARN [http-nio-8080-exec-5] o.t.s.p.AbstractStandardFragmentInsertionTagProcessor [AbstractStandardFragmentInsertionTagProcessor.java:385] [THYMELEAF][http-nio-8080-exec-5][/error/500] Deprecated unwrapped fragment expression "index::header" found in template /error/500, line 14, col 38. Please use the complete syntax of fragment expressions instead ("~{index::header}"). The old, unwrapped syntax for fragment expressions will be removed in future versions of Thymeleaf.
2023-07-05 18:02:40,511 WARN [http-nio-8080-exec-6] o.t.s.p.AbstractStandardFragmentInsertionTagProcessor [AbstractStandardFragmentInsertionTagProcessor.java:385] [THYMELEAF][http-nio-8080-exec-6][/site/profile] Deprecated unwrapped fragment expression "index::header" found in template /site/profile, line 14, col 38. Please use the complete syntax of fragment expressions instead ("~{index::header}"). The old, unwrapped syntax for fragment expressions will be removed in future versions of Thymeleaf.
2023-07-05 18:02:40,606 WARN [http-nio-8080-exec-9] o.t.s.p.AbstractStandardFragmentInsertionTagProcessor [AbstractStandardFragmentInsertionTagProcessor.java:385] [THYMELEAF][http-nio-8080-exec-9][/error/500] Deprecated unwrapped fragment expression "index::header" found in template /error/500, line 14, col 38. Please use the complete syntax of fragment expressions instead ("~{index::header}"). The old, unwrapped syntax for fragment expressions will be removed in future versions of Thymeleaf.
2023-07-05 18:02:40,606 WARN [http-nio-8080-exec-10] o.t.s.p.AbstractStandardFragmentInsertionTagProcessor [AbstractStandardFragmentInsertionTagProcessor.java:385] [THYMELEAF][http-nio-8080-exec-10][/error/500] Deprecated unwrapped fragment expression "index::header" found in template /error/500, line 14, col 38. Please use the complete syntax of fragment expressions instead ("~{index::header}"). The old, unwrapped syntax for fragment expressions will be removed in future versions of Thymeleaf.
2023-07-05 18:20:45,907 WARN [http-nio-8080-exec-3] o.t.s.p.AbstractStandardFragmentInsertionTagProcessor [AbstractStandardFragmentInsertionTagProcessor.java:385] [THYMELEAF][http-nio-8080-exec-3][/site/profile] Deprecated unwrapped fragment expression "index::header" found in template /site/profile, line 14, col 38. Please use the complete syntax of fragment expressions instead ("~{index::header}"). The old, unwrapped syntax for fragment expressions will be removed in future versions of Thymeleaf.
2023-07-05 18:21:55,452 WARN [http-nio-8080-exec-1] o.t.s.p.AbstractStandardFragmentInsertionTagProcessor [AbstractStandardFragmentInsertionTagProcessor.java:385] [THYMELEAF][http-nio-8080-exec-1][/site/profile] Deprecated unwrapped fragment expression "index::header" found in template /site/profile, line 14, col 38. Please use the complete syntax of fragment expressions instead ("~{index::header}"). The old, unwrapped syntax for fragment expressions will be removed in future versions of Thymeleaf.
2023-07-05 20:59:16,366 WARN [HikariPool-1 housekeeper] c.z.h.p.HikariPool [HikariPool.java:804] HikariPool-1 - Thread starvation or clock leap detected (housekeeper delta=2h33m21s839ms635µs100ns).
2023-07-05 21:00:21,719 WARN [http-nio-8080-exec-10] o.t.s.p.AbstractStandardFragmentInsertionTagProcessor [AbstractStandardFragmentInsertionTagProcessor.java:385] [THYMELEAF][http-nio-8080-exec-10][/site/profile] Deprecated unwrapped fragment expression "index::header" found in template /site/profile, line 14, col 37. Please use the complete syntax of fragment expressions instead ("~{index::header}"). The old, unwrapped syntax for fragment expressions will be removed in future versions of Thymeleaf.
2023-07-05 21:02:17,401 WARN [http-nio-8080-exec-2] o.t.s.p.AbstractStandardFragmentInsertionTagProcessor [AbstractStandardFragmentInsertionTagProcessor.java:385] [THYMELEAF][http-nio-8080-exec-2][/site/profile] Deprecated unwrapped fragment expression "index::header" found in template /site/profile, line 14, col 38. Please use the complete syntax of fragment expressions instead ("~{index::header}"). The old, unwrapped syntax for fragment expressions will be removed in future versions of Thymeleaf.
2023-07-05 21:02:21,387 WARN [http-nio-8080-exec-6] o.t.s.p.AbstractStandardFragmentInsertionTagProcessor [AbstractStandardFragmentInsertionTagProcessor.java:385] [THYMELEAF][http-nio-8080-exec-6][/site/profile] Deprecated unwrapped fragment expression "index::header" found in template /site/profile, line 14, col 38. Please use the complete syntax of fragment expressions instead ("~{index::header}"). The old, unwrapped syntax for fragment expressions will be removed in future versions of Thymeleaf.
2023-07-05 21:02:30,457 WARN [http-nio-8080-exec-1] o.t.s.p.AbstractStandardFragmentInsertionTagProcessor [AbstractStandardFragmentInsertionTagProcessor.java:385] [THYMELEAF][http-nio-8080-exec-1][/site/profile] Deprecated unwrapped fragment expression "index::header" found in template /site/profile, line 14, col 38. Please use the complete syntax of fragment expressions instead ("~{index::header}"). The old, unwrapped syntax for fragment expressions will be removed in future versions of Thymeleaf.
2023-07-05 21:02:32,805 WARN [http-nio-8080-exec-8] o.t.s.p.AbstractStandardFragmentInsertionTagProcessor [AbstractStandardFragmentInsertionTagProcessor.java:385] [THYMELEAF][http-nio-8080-exec-8][/site/profile] Deprecated unwrapped fragment expression "index::header" found in template /site/profile, line 14, col 38. Please use the complete syntax of fragment expressions instead ("~{index::header}"). The old, unwrapped syntax for fragment expressions will be removed in future versions of Thymeleaf.
2023-07-05 21:02:39,003 WARN [http-nio-8080-exec-7] o.t.s.p.AbstractStandardFragmentInsertionTagProcessor [AbstractStandardFragmentInsertionTagProcessor.java:385] [THYMELEAF][http-nio-8080-exec-7][/site/profile] Deprecated unwrapped fragment expression "index::header" found in template /site/profile, line 14, col 38. Please use the complete syntax of fragment expressions instead ("~{index::header}"). The old, unwrapped syntax for fragment expressions will be removed in future versions of Thymeleaf.
2023-07-05 21:03:24,319 WARN [http-nio-8080-exec-1] o.t.s.p.AbstractStandardFragmentInsertionTagProcessor [AbstractStandardFragmentInsertionTagProcessor.java:385] [THYMELEAF][http-nio-8080-exec-1][/site/profile] Deprecated unwrapped fragment expression "index::header" found in template /site/profile, line 14, col 38. Please use the complete syntax of fragment expressions instead ("~{index::header}"). The old, unwrapped syntax for fragment expressions will be removed in future versions of Thymeleaf.
2023-07-05 21:04:44,944 WARN [http-nio-8080-exec-1] o.t.s.p.AbstractStandardFragmentInsertionTagProcessor [AbstractStandardFragmentInsertionTagProcessor.java:385] [THYMELEAF][http-nio-8080-exec-1][/site/profile] Deprecated unwrapped fragment expression "index::header" found in template /site/profile, line 14, col 38. Please use the complete syntax of fragment expressions instead ("~{index::header}"). The old, unwrapped syntax for fragment expressions will be removed in future versions of Thymeleaf.
2023-07-05 21:06:14,361 WARN [http-nio-8080-exec-2] o.t.s.p.AbstractStandardFragmentInsertionTagProcessor [AbstractStandardFragmentInsertionTagProcessor.java:385] [THYMELEAF][http-nio-8080-exec-2][/site/profile] Deprecated unwrapped fragment expression "index::header" found in template /site/profile, line 14, col 38. Please use the complete syntax of fragment expressions instead ("~{index::header}"). The old, unwrapped syntax for fragment expressions will be removed in future versions of Thymeleaf.
2023-07-05 21:07:32,036 WARN [http-nio-8080-exec-1] o.t.s.p.AbstractStandardFragmentInsertionTagProcessor [AbstractStandardFragmentInsertionTagProcessor.java:385] [THYMELEAF][http-nio-8080-exec-1][/site/profile] Deprecated unwrapped fragment expression "index::header" found in template /site/profile, line 14, col 38. Please use the complete syntax of fragment expressions instead ("~{index::header}"). The old, unwrapped syntax for fragment expressions will be removed in future versions of Thymeleaf.
2023-07-05 21:08:06,975 WARN [http-nio-8080-exec-2] o.t.s.p.AbstractStandardFragmentInsertionTagProcessor [AbstractStandardFragmentInsertionTagProcessor.java:385] [THYMELEAF][http-nio-8080-exec-2][/site/profile] Deprecated unwrapped fragment expression "index::header" found in template /site/profile, line 14, col 38. Please use the complete syntax of fragment expressions instead ("~{index::header}"). The old, unwrapped syntax for fragment expressions will be removed in future versions of Thymeleaf.
2023-07-05 21:09:54,403 WARN [http-nio-8080-exec-1] o.t.s.p.AbstractStandardFragmentInsertionTagProcessor [AbstractStandardFragmentInsertionTagProcessor.java:385] [THYMELEAF][http-nio-8080-exec-1][/site/profile] Deprecated unwrapped fragment expression "index::header" found in template /site/profile, line 14, col 38. Please use the complete syntax of fragment expressions instead ("~{index::header}"). The old, unwrapped syntax for fragment expressions will be removed in future versions of Thymeleaf.
2023-07-05 21:09:56,250 WARN [http-nio-8080-exec-7] o.t.s.p.AbstractStandardFragmentInsertionTagProcessor [AbstractStandardFragmentInsertionTagProcessor.java:385] [THYMELEAF][http-nio-8080-exec-7][/site/profile] Deprecated unwrapped fragment expression "index::header" found in template /site/profile, line 14, col 38. Please use the complete syntax of fragment expressions instead ("~{index::header}"). The old, unwrapped syntax for fragment expressions will be removed in future versions of Thymeleaf.
2023-07-05 21:11:41,107 WARN [http-nio-8080-exec-2] o.t.s.p.AbstractStandardFragmentInsertionTagProcessor [AbstractStandardFragmentInsertionTagProcessor.java:385] [THYMELEAF][http-nio-8080-exec-2][/site/profile] Deprecated unwrapped fragment expression "index::header" found in template /site/profile, line 14, col 38. Please use the complete syntax of fragment expressions instead ("~{index::header}"). The old, unwrapped syntax for fragment expressions will be removed in future versions of Thymeleaf.
2023-07-05 21:12:23,605 WARN [http-nio-8080-exec-1] o.t.s.p.AbstractStandardFragmentInsertionTagProcessor [AbstractStandardFragmentInsertionTagProcessor.java:385] [THYMELEAF][http-nio-8080-exec-1][/site/profile] Deprecated unwrapped fragment expression "index::header" found in template /site/profile, line 14, col 38. Please use the complete syntax of fragment expressions instead ("~{index::header}"). The old, unwrapped syntax for fragment expressions will be removed in future versions of Thymeleaf.
2023-07-05 21:12:25,437 WARN [http-nio-8080-exec-7] o.t.s.p.AbstractStandardFragmentInsertionTagProcessor [AbstractStandardFragmentInsertionTagProcessor.java:385] [THYMELEAF][http-nio-8080-exec-7][/site/profile] Deprecated unwrapped fragment expression "index::header" found in template /site/profile, line 14, col 38. Please use the complete syntax of fragment expressions instead ("~{index::header}"). The old, unwrapped syntax for fragment expressions will be removed in future versions of Thymeleaf.
2023-07-05 21:12:36,799 WARN [http-nio-8080-exec-3] o.t.s.p.AbstractStandardFragmentInsertionTagProcessor [AbstractStandardFragmentInsertionTagProcessor.java:385] [THYMELEAF][http-nio-8080-exec-3][/site/profile] Deprecated unwrapped fragment expression "index::header" found in template /site/profile, line 14, col 38. Please use the complete syntax of fragment expressions instead ("~{index::header}"). The old, unwrapped syntax for fragment expressions will be removed in future versions of Thymeleaf.
2023-07-05 21:12:39,389 WARN [http-nio-8080-exec-8] o.t.s.p.AbstractStandardFragmentInsertionTagProcessor [AbstractStandardFragmentInsertionTagProcessor.java:385] [THYMELEAF][http-nio-8080-exec-8][/site/profile] Deprecated unwrapped fragment expression "index::header" found in template /site/profile, line 14, col 38. Please use the complete syntax of fragment expressions instead ("~{index::header}"). The old, unwrapped syntax for fragment expressions will be removed in future versions of Thymeleaf.
2023-07-05 21:12:47,093 WARN [http-nio-8080-exec-4] o.t.s.p.AbstractStandardFragmentInsertionTagProcessor [AbstractStandardFragmentInsertionTagProcessor.java:385] [THYMELEAF][http-nio-8080-exec-4][/site/profile] Deprecated unwrapped fragment expression "index::header" found in template /site/profile, line 14, col 38. Please use the complete syntax of fragment expressions instead ("~{index::header}"). The old, unwrapped syntax for fragment expressions will be removed in future versions of Thymeleaf.
2023-07-05 21:18:22,807 WARN [http-nio-8080-exec-2] o.t.s.p.AbstractStandardFragmentInsertionTagProcessor [AbstractStandardFragmentInsertionTagProcessor.java:385] [THYMELEAF][http-nio-8080-exec-2][/site/profile] Deprecated unwrapped fragment expression "index::header" found in template /site/profile, line 14, col 38. Please use the complete syntax of fragment expressions instead ("~{index::header}"). The old, unwrapped syntax for fragment expressions will be removed in future versions of Thymeleaf.
2023-07-05 21:18:25,199 WARN [http-nio-8080-exec-7] o.t.s.p.AbstractStandardFragmentInsertionTagProcessor [AbstractStandardFragmentInsertionTagProcessor.java:385] [THYMELEAF][http-nio-8080-exec-7][/site/profile] Deprecated unwrapped fragment expression "index::header" found in template /site/profile, line 14, col 38. Please use the complete syntax of fragment expressions instead ("~{index::header}"). The old, unwrapped syntax for fragment expressions will be removed in future versions of Thymeleaf.
2023-07-05 21:18:27,437 WARN [http-nio-8080-exec-1] o.t.s.p.AbstractStandardFragmentInsertionTagProcessor [AbstractStandardFragmentInsertionTagProcessor.java:385] [THYMELEAF][http-nio-8080-exec-1][/site/profile] Deprecated unwrapped fragment expression "index::header" found in template /site/profile, line 14, col 38. Please use the complete syntax of fragment expressions instead ("~{index::header}"). The old, unwrapped syntax for fragment expressions will be removed in future versions of Thymeleaf.
2023-07-05 21:19:20,159 WARN [http-nio-8080-exec-1] o.t.s.p.AbstractStandardFragmentInsertionTagProcessor [AbstractStandardFragmentInsertionTagProcessor.java:385] [THYMELEAF][http-nio-8080-exec-1][/site/profile] Deprecated unwrapped fragment expression "index::header" found in template /site/profile, line 14, col 38. Please use the complete syntax of fragment expressions instead ("~{index::header}"). The old, unwrapped syntax for fragment expressions will be removed in future versions of Thymeleaf.
2023-07-05 21:19:22,232 WARN [http-nio-8080-exec-7] o.t.s.p.AbstractStandardFragmentInsertionTagProcessor [AbstractStandardFragmentInsertionTagProcessor.java:385] [THYMELEAF][http-nio-8080-exec-7][/site/profile] Deprecated unwrapped fragment expression "index::header" found in template /site/profile, line 14, col 38. Please use the complete syntax of fragment expressions instead ("~{index::header}"). The old, unwrapped syntax for fragment expressions will be removed in future versions of Thymeleaf.
2023-07-05 21:19:27,784 WARN [http-nio-8080-exec-2] o.t.s.p.AbstractStandardFragmentInsertionTagProcessor [AbstractStandardFragmentInsertionTagProcessor.java:385] [THYMELEAF][http-nio-8080-exec-2][/site/profile] Deprecated unwrapped fragment expression "index::header" found in template /site/profile, line 14, col 38. Please use the complete syntax of fragment expressions instead ("~{index::header}"). The old, unwrapped syntax for fragment expressions will be removed in future versions of Thymeleaf.
2023-07-05 21:22:33,447 WARN [http-nio-8080-exec-2] o.t.s.p.AbstractStandardFragmentInsertionTagProcessor [AbstractStandardFragmentInsertionTagProcessor.java:385] [THYMELEAF][http-nio-8080-exec-2][/site/profile] Deprecated unwrapped fragment expression "index::header" found in template /site/profile, line 14, col 37. Please use the complete syntax of fragment expressions instead ("~{index::header}"). The old, unwrapped syntax for fragment expressions will be removed in future versions of Thymeleaf.
2023-07-05 21:22:36,020 WARN [http-nio-8080-exec-7] o.t.s.p.AbstractStandardFragmentInsertionTagProcessor [AbstractStandardFragmentInsertionTagProcessor.java:385] [THYMELEAF][http-nio-8080-exec-7][/site/profile] Deprecated unwrapped fragment expression "index::header" found in template /site/profile, line 14, col 37. Please use the complete syntax of fragment expressions instead ("~{index::header}"). The old, unwrapped syntax for fragment expressions will be removed in future versions of Thymeleaf.
2023-07-05 21:22:37,599 WARN [http-nio-8080-exec-5] o.t.s.p.AbstractStandardFragmentInsertionTagProcessor [AbstractStandardFragmentInsertionTagProcessor.java:385] [THYMELEAF][http-nio-8080-exec-5][/site/profile] Deprecated unwrapped fragment expression "index::header" found in template /site/profile, line 14, col 37. Please use the complete syntax of fragment expressions instead ("~{index::header}"). The old, unwrapped syntax for fragment expressions will be removed in future versions of Thymeleaf.
2023-07-05 21:25:01,672 WARN [http-nio-8080-exec-3] o.t.s.p.AbstractStandardFragmentInsertionTagProcessor [AbstractStandardFragmentInsertionTagProcessor.java:385] [THYMELEAF][http-nio-8080-exec-3][/site/profile] Deprecated unwrapped fragment expression "index::header" found in template /site/profile, line 14, col 38. Please use the complete syntax of fragment expressions instead ("~{index::header}"). The old, unwrapped syntax for fragment expressions will be removed in future versions of Thymeleaf.
2023-07-05 21:25:04,841 WARN [http-nio-8080-exec-8] o.t.s.p.AbstractStandardFragmentInsertionTagProcessor [AbstractStandardFragmentInsertionTagProcessor.java:385] [THYMELEAF][http-nio-8080-exec-8][/site/profile] Deprecated unwrapped fragment expression "index::header" found in template /site/profile, line 14, col 38. Please use the complete syntax of fragment expressions instead ("~{index::header}"). The old, unwrapped syntax for fragment expressions will be removed in future versions of Thymeleaf.
2023-07-05 21:28:04,548 WARN [http-nio-8080-exec-8] o.t.s.p.AbstractStandardFragmentInsertionTagProcessor [AbstractStandardFragmentInsertionTagProcessor.java:385] [THYMELEAF][http-nio-8080-exec-8][/site/profile] Deprecated unwrapped fragment expression "index::header" found in template /site/profile, line 14, col 38. Please use the complete syntax of fragment expressions instead ("~{index::header}"). The old, unwrapped syntax for fragment expressions will be removed in future versions of Thymeleaf.
2023-07-05 21:28:58,970 WARN [http-nio-8080-exec-2] o.t.s.p.AbstractStandardFragmentInsertionTagProcessor [AbstractStandardFragmentInsertionTagProcessor.java:385] [THYMELEAF][http-nio-8080-exec-2][/site/profile] Deprecated unwrapped fragment expression "index::header" found in template /site/profile, line 14, col 38. Please use the complete syntax of fragment expressions instead ("~{index::header}"). The old, unwrapped syntax for fragment expressions will be removed in future versions of Thymeleaf.
2023-07-05 21:29:00,874 WARN [http-nio-8080-exec-7] o.t.s.p.AbstractStandardFragmentInsertionTagProcessor [AbstractStandardFragmentInsertionTagProcessor.java:385] [THYMELEAF][http-nio-8080-exec-7][/site/profile] Deprecated unwrapped fragment expression "index::header" found in template /site/profile, line 14, col 38. Please use the complete syntax of fragment expressions instead ("~{index::header}"). The old, unwrapped syntax for fragment expressions will be removed in future versions of Thymeleaf.
2023-07-05 21:29:01,911 WARN [http-nio-8080-exec-3] o.t.s.p.AbstractStandardFragmentInsertionTagProcessor [AbstractStandardFragmentInsertionTagProcessor.java:385] [THYMELEAF][http-nio-8080-exec-3][/site/profile] Deprecated unwrapped fragment expression "index::header" found in template /site/profile, line 14, col 38. Please use the complete syntax of fragment expressions instead ("~{index::header}"). The old, unwrapped syntax for fragment expressions will be removed in future versions of Thymeleaf.
2023-07-05 21:30:07,081 WARN [http-nio-8080-exec-3] o.t.s.p.AbstractStandardFragmentInsertionTagProcessor [AbstractStandardFragmentInsertionTagProcessor.java:385] [THYMELEAF][http-nio-8080-exec-3][/site/profile] Deprecated unwrapped fragment expression "index::header" found in template /site/profile, line 14, col 38. Please use the complete syntax of fragment expressions instead ("~{index::header}"). The old, unwrapped syntax for fragment expressions will be removed in future versions of Thymeleaf.
2023-07-05 21:30:28,236 WARN [http-nio-8080-exec-8] o.t.s.p.AbstractStandardFragmentInsertionTagProcessor [AbstractStandardFragmentInsertionTagProcessor.java:385] [THYMELEAF][http-nio-8080-exec-8][/site/profile] Deprecated unwrapped fragment expression "index::header" found in template /site/profile, line 14, col 38. Please use the complete syntax of fragment expressions instead ("~{index::header}"). The old, unwrapped syntax for fragment expressions will be removed in future versions of Thymeleaf.
2023-07-05 21:30:31,982 WARN [http-nio-8080-exec-4] o.t.s.p.AbstractStandardFragmentInsertionTagProcessor [AbstractStandardFragmentInsertionTagProcessor.java:385] [THYMELEAF][http-nio-8080-exec-4][/site/profile] Deprecated unwrapped fragment expression "index::header" found in template /site/profile, line 14, col 38. Please use the complete syntax of fragment expressions instead ("~{index::header}"). The old, unwrapped syntax for fragment expressions will be removed in future versions of Thymeleaf.
2023-07-05 21:32:50,873 WARN [http-nio-8080-exec-1] o.t.s.p.AbstractStandardFragmentInsertionTagProcessor [AbstractStandardFragmentInsertionTagProcessor.java:385] [THYMELEAF][http-nio-8080-exec-1][/site/profile] Deprecated unwrapped fragment expression "index::header" found in template /site/profile, line 14, col 38. Please use the complete syntax of fragment expressions instead ("~{index::header}"). The old, unwrapped syntax for fragment expressions will be removed in future versions of Thymeleaf.
2023-07-05 21:37:35,347 WARN [http-nio-8080-exec-1] o.t.s.p.AbstractStandardFragmentInsertionTagProcessor [AbstractStandardFragmentInsertionTagProcessor.java:385] [THYMELEAF][http-nio-8080-exec-1][/site/profile] Deprecated unwrapped fragment expression "index::header" found in template /site/profile, line 14, col 37. Please use the complete syntax of fragment expressions instead ("~{index::header}"). The old, unwrapped syntax for fragment expressions will be removed in future versions of Thymeleaf.
2023-07-05 21:37:37,261 WARN [http-nio-8080-exec-7] o.t.s.p.AbstractStandardFragmentInsertionTagProcessor [AbstractStandardFragmentInsertionTagProcessor.java:385] [THYMELEAF][http-nio-8080-exec-7][/site/profile] Deprecated unwrapped fragment expression "index::header" found in template /site/profile, line 14, col 37. Please use the complete syntax of fragment expressions instead ("~{index::header}"). The old, unwrapped syntax for fragment expressions will be removed in future versions of Thymeleaf.
2023-07-05 21:37:38,974 WARN [http-nio-8080-exec-2] o.t.s.p.AbstractStandardFragmentInsertionTagProcessor [AbstractStandardFragmentInsertionTagProcessor.java:385] [THYMELEAF][http-nio-8080-exec-2][/site/profile] Deprecated unwrapped fragment expression "index::header" found in template /site/profile, line 14, col 37. Please use the complete syntax of fragment expressions instead ("~{index::header}"). The old, unwrapped syntax for fragment expressions will be removed in future versions of Thymeleaf.
2023-07-05 21:38:33,057 WARN [http-nio-8080-exec-1] o.t.s.p.AbstractStandardFragmentInsertionTagProcessor [AbstractStandardFragmentInsertionTagProcessor.java:385] [THYMELEAF][http-nio-8080-exec-1][/site/profile] Deprecated unwrapped fragment expression "index::header" found in template /site/profile, line 14, col 38. Please use the complete syntax of fragment expressions instead ("~{index::header}"). The old, unwrapped syntax for fragment expressions will be removed in future versions of Thymeleaf.
2023-07-05 21:38:35,029 WARN [http-nio-8080-exec-7] o.t.s.p.AbstractStandardFragmentInsertionTagProcessor [AbstractStandardFragmentInsertionTagProcessor.java:385] [THYMELEAF][http-nio-8080-exec-7][/site/profile] Deprecated unwrapped fragment expression "index::header" found in template /site/profile, line 14, col 38. Please use the complete syntax of fragment expressions instead ("~{index::header}"). The old, unwrapped syntax for fragment expressions will be removed in future versions of Thymeleaf.
2023-07-05 21:38:36,027 WARN [http-nio-8080-exec-3] o.t.s.p.AbstractStandardFragmentInsertionTagProcessor [AbstractStandardFragmentInsertionTagProcessor.java:385] [THYMELEAF][http-nio-8080-exec-3][/site/profile] Deprecated unwrapped fragment expression "index::header" found in template /site/profile, line 14, col 38. Please use the complete syntax of fragment expressions instead ("~{index::header}"). The old, unwrapped syntax for fragment expressions will be removed in future versions of Thymeleaf.
2023-07-05 21:38:37,010 WARN [http-nio-8080-exec-1] o.t.s.p.AbstractStandardFragmentInsertionTagProcessor [AbstractStandardFragmentInsertionTagProcessor.java:385] [THYMELEAF][http-nio-8080-exec-1][/site/profile] Deprecated unwrapped fragment expression "index::header" found in template /site/profile, line 14, col 38. Please use the complete syntax of fragment expressions instead ("~{index::header}"). The old, unwrapped syntax for fragment expressions will be removed in future versions of Thymeleaf.
2023-07-05 21:39:39,580 WARN [http-nio-8080-exec-1] o.t.s.p.AbstractStandardFragmentInsertionTagProcessor [AbstractStandardFragmentInsertionTagProcessor.java:385] [THYMELEAF][http-nio-8080-exec-1][/site/profile] Deprecated unwrapped fragment expression "index::header" found in template /site/profile, line 14, col 38. Please use the complete syntax of fragment expressions instead ("~{index::header}"). The old, unwrapped syntax for fragment expressions will be removed in future versions of Thymeleaf.
2023-07-05 21:39:41,439 WARN [http-nio-8080-exec-7] o.t.s.p.AbstractStandardFragmentInsertionTagProcessor [AbstractStandardFragmentInsertionTagProcessor.java:385] [THYMELEAF][http-nio-8080-exec-7][/site/profile] Deprecated unwrapped fragment expression "index::header" found in template /site/profile, line 14, col 38. Please use the complete syntax of fragment expressions instead ("~{index::header}"). The old, unwrapped syntax for fragment expressions will be removed in future versions of Thymeleaf.
2023-07-05 21:41:01,632 WARN [http-nio-8080-exec-1] o.t.s.p.AbstractStandardFragmentInsertionTagProcessor [AbstractStandardFragmentInsertionTagProcessor.java:385] [THYMELEAF][http-nio-8080-exec-1][/site/profile] Deprecated unwrapped fragment expression "index::header" found in template /site/profile, line 14, col 38. Please use the complete syntax of fragment expressions instead ("~{index::header}"). The old, unwrapped syntax for fragment expressions will be removed in future versions of Thymeleaf.
2023-07-05 21:41:04,609 WARN [http-nio-8080-exec-7] o.t.s.p.AbstractStandardFragmentInsertionTagProcessor [AbstractStandardFragmentInsertionTagProcessor.java:385] [THYMELEAF][http-nio-8080-exec-7][/site/profile] Deprecated unwrapped fragment expression "index::header" found in template /site/profile, line 14, col 38. Please use the complete syntax of fragment expressions instead ("~{index::header}"). The old, unwrapped syntax for fragment expressions will be removed in future versions of Thymeleaf.
2023-07-05 21:41:06,188 WARN [http-nio-8080-exec-3] o.t.s.p.AbstractStandardFragmentInsertionTagProcessor [AbstractStandardFragmentInsertionTagProcessor.java:385] [THYMELEAF][http-nio-8080-exec-3][/site/profile] Deprecated unwrapped fragment expression "index::header" found in template /site/profile, line 14, col 38. Please use the complete syntax of fragment expressions instead ("~{index::header}"). The old, unwrapped syntax for fragment expressions will be removed in future versions of Thymeleaf.
2023-07-05 21:45:40,831 WARN [http-nio-8080-exec-1] o.t.s.p.AbstractStandardFragmentInsertionTagProcessor [AbstractStandardFragmentInsertionTagProcessor.java:385] [THYMELEAF][http-nio-8080-exec-1][/site/profile] Deprecated unwrapped fragment expression "index::header" found in template /site/profile, line 14, col 38. Please use the complete syntax of fragment expressions instead ("~{index::header}"). The old, unwrapped syntax for fragment expressions will be removed in future versions of Thymeleaf.
2023-07-05 21:45:46,056 WARN [http-nio-8080-exec-7] o.t.s.p.AbstractStandardFragmentInsertionTagProcessor [AbstractStandardFragmentInsertionTagProcessor.java:385] [THYMELEAF][http-nio-8080-exec-7][/site/profile] Deprecated unwrapped fragment expression "index::header" found in template /site/profile, line 14, col 38. Please use the complete syntax of fragment expressions instead ("~{index::header}"). The old, unwrapped syntax for fragment expressions will be removed in future versions of Thymeleaf.
2023-07-05 21:46:56,998 WARN [http-nio-8080-exec-1] o.t.s.p.AbstractStandardFragmentInsertionTagProcessor [AbstractStandardFragmentInsertionTagProcessor.java:385] [THYMELEAF][http-nio-8080-exec-1][/site/profile] Deprecated unwrapped fragment expression "index::header" found in template /site/profile, line 14, col 38. Please use the complete syntax of fragment expressions instead ("~{index::header}"). The old, unwrapped syntax for fragment expressions will be removed in future versions of Thymeleaf.
2023-07-05 21:47:00,301 WARN [http-nio-8080-exec-7] o.t.s.p.AbstractStandardFragmentInsertionTagProcessor [AbstractStandardFragmentInsertionTagProcessor.java:385] [THYMELEAF][http-nio-8080-exec-7][/site/profile] Deprecated unwrapped fragment expression "index::header" found in template /site/profile, line 14, col 38. Please use the complete syntax of fragment expressions instead ("~{index::header}"). The old, unwrapped syntax for fragment expressions will be removed in future versions of Thymeleaf.
2023-07-05 21:48:53,285 WARN [http-nio-8080-exec-3] o.t.s.p.AbstractStandardFragmentInsertionTagProcessor [AbstractStandardFragmentInsertionTagProcessor.java:385] [THYMELEAF][http-nio-8080-exec-3][/site/profile] Deprecated unwrapped fragment expression "index::header" found in template /site/profile, line 14, col 38. Please use the complete syntax of fragment expressions instead ("~{index::header}"). The old, unwrapped syntax for fragment expressions will be removed in future versions of Thymeleaf.
2023-07-05 21:52:09,929 WARN [http-nio-8080-exec-3] o.t.s.p.AbstractStandardFragmentInsertionTagProcessor [AbstractStandardFragmentInsertionTagProcessor.java:385] [THYMELEAF][http-nio-8080-exec-3][/site/profile] Deprecated unwrapped fragment expression "index::header" found in template /site/profile, line 14, col 38. Please use the complete syntax of fragment expressions instead ("~{index::header}"). The old, unwrapped syntax for fragment expressions will be removed in future versions of Thymeleaf.
2023-07-05 21:53:24,510 WARN [http-nio-8080-exec-2] o.t.s.p.AbstractStandardFragmentInsertionTagProcessor [AbstractStandardFragmentInsertionTagProcessor.java:385] [THYMELEAF][http-nio-8080-exec-2][/site/profile] Deprecated unwrapped fragment expression "index::header" found in template /site/profile, line 14, col 38. Please use the complete syntax of fragment expressions instead ("~{index::header}"). The old, unwrapped syntax for fragment expressions will be removed in future versions of Thymeleaf.
2023-07-05 21:53:26,299 WARN [http-nio-8080-exec-8] o.t.s.p.AbstractStandardFragmentInsertionTagProcessor [AbstractStandardFragmentInsertionTagProcessor.java:385] [THYMELEAF][http-nio-8080-exec-8][/site/profile] Deprecated unwrapped fragment expression "index::header" found in template /site/profile, line 14, col 38. Please use the complete syntax of fragment expressions instead ("~{index::header}"). The old, unwrapped syntax for fragment expressions will be removed in future versions of Thymeleaf.
2023-07-05 21:53:55,536 WARN [http-nio-8080-exec-3] o.t.s.p.AbstractStandardFragmentInsertionTagProcessor [AbstractStandardFragmentInsertionTagProcessor.java:385] [THYMELEAF][http-nio-8080-exec-3][/site/profile] Deprecated unwrapped fragment expression "index::header" found in template /site/profile, line 14, col 38. Please use the complete syntax of fragment expressions instead ("~{index::header}"). The old, unwrapped syntax for fragment expressions will be removed in future versions of Thymeleaf.
