2023-07-03 01:41:49,716 INFO [restartedMain] c.c.b.BbsdemoApplication [StartupInfoLogger.java:51] Starting BbsdemoApplication using Java 20.0.1 with PID 2208 (C:\Users\14597\bbsproject\bbsdemo\bbsdemo\target\classes started by 14597 in C:\Users\14597\bbsproject\bbsdemo)
2023-07-03 01:41:49,738 INFO [restartedMain] c.c.b.BbsdemoApplication [SpringApplication.java:633] No active profile set, falling back to 1 default profile: "default"
2023-07-03 01:41:49,806 INFO [restartedMain] o.s.b.d.e.DevToolsPropertyDefaultsPostProcessor [DeferredLog.java:250] Devtools property defaults active! Set 'spring.devtools.add-properties' to 'false' to disable
2023-07-03 01:41:49,806 INFO [restartedMain] o.s.b.d.e.DevToolsPropertyDefaultsPostProcessor [DeferredLog.java:250] For additional web related logging consider setting the 'logging.level.web' property to 'DEBUG'
2023-07-03 01:41:50,803 INFO [restartedMain] o.s.d.r.c.RepositoryConfigurationDelegate [RepositoryConfigurationDelegate.java:291] Multiple Spring Data modules found, entering strict repository configuration mode
2023-07-03 01:41:50,806 INFO [restartedMain] o.s.d.r.c.RepositoryConfigurationDelegate [RepositoryConfigurationDelegate.java:138] Bootstrapping Spring Data Redis repositories in DEFAULT mode.
2023-07-03 01:41:50,847 INFO [restartedMain] o.s.d.r.c.RepositoryConfigurationDelegate [RepositoryConfigurationDelegate.java:208] Finished Spring Data repository scanning in 17 ms. Found 0 Redis repository interfaces.
2023-07-03 01:41:52,184 INFO [restartedMain] o.s.b.w.e.t.TomcatWebServer [TomcatWebServer.java:108] Tomcat initialized with port(s): 8080 (http)
2023-07-03 01:41:52,200 INFO [restartedMain] o.a.c.h.Http11NioProtocol [DirectJDKLog.java:173] Initializing ProtocolHandler ["http-nio-8080"]
2023-07-03 01:41:52,200 INFO [restartedMain] o.a.c.c.StandardService [DirectJDKLog.java:173] Starting service [Tomcat]
2023-07-03 01:41:52,200 INFO [restartedMain] o.a.c.c.StandardEngine [DirectJDKLog.java:173] Starting Servlet engine: [Apache Tomcat/10.1.8]
2023-07-03 01:41:52,316 INFO [restartedMain] o.a.c.c.C.[.[.[/community] [DirectJDKLog.java:173] Initializing Spring embedded WebApplicationContext
2023-07-03 01:41:52,316 INFO [restartedMain] o.s.b.w.s.c.ServletWebServerApplicationContext [ServletWebServerApplicationContext.java:291] Root WebApplicationContext: initialization completed in 2510 ms
2023-07-03 01:41:54,058 INFO [restartedMain] o.s.b.a.w.s.WelcomePageHandlerMapping [WelcomePageHandlerMapping.java:57] Adding welcome page template: index
2023-07-03 01:41:54,520 INFO [restartedMain] o.s.b.d.a.OptionalLiveReloadServer [OptionalLiveReloadServer.java:59] LiveReload server is running on port 35729
2023-07-03 01:41:54,545 INFO [restartedMain] o.a.c.h.Http11NioProtocol [DirectJDKLog.java:173] Starting ProtocolHandler ["http-nio-8080"]
2023-07-03 01:41:54,576 INFO [restartedMain] o.s.b.w.e.t.TomcatWebServer [TomcatWebServer.java:220] Tomcat started on port(s): 8080 (http) with context path '/community'
2023-07-03 01:41:54,586 INFO [restartedMain] c.c.b.BbsdemoApplication [StartupInfoLogger.java:57] Started BbsdemoApplication in 5.632 seconds (process running for 6.341)
2023-07-03 01:42:04,188 INFO [http-nio-8080-exec-1] o.a.c.c.C.[.[.[/community] [DirectJDKLog.java:173] Initializing Spring DispatcherServlet 'dispatcherServlet'
2023-07-03 01:42:04,188 INFO [http-nio-8080-exec-1] o.s.w.s.DispatcherServlet [FrameworkServlet.java:532] Initializing Servlet 'dispatcherServlet'
2023-07-03 01:42:04,188 INFO [http-nio-8080-exec-1] o.s.w.s.DispatcherServlet [FrameworkServlet.java:554] Completed initialization in 0 ms
2023-07-03 01:42:04,252 INFO [http-nio-8080-exec-1] c.c.b.a.ServiceLogAspect [ServiceLogAspect.java:38] User [0:0:0:0:0:0:0:1] visited [com.coderbbs.bbsdemo.service.DiscussPostService.findDiscussPostRows] at [2023-07-03 01:42:04]. 
2023-07-03 01:42:04,307 INFO [http-nio-8080-exec-1] c.z.h.HikariDataSource [HikariDataSource.java:110] HikariPool-1 - Starting...
2023-07-03 01:42:04,649 INFO [http-nio-8080-exec-1] c.z.h.p.HikariPool [HikariPool.java:565] HikariPool-1 - Added connection com.mysql.cj.jdbc.ConnectionImpl@77f500d8
2023-07-03 01:42:04,653 INFO [http-nio-8080-exec-1] c.z.h.HikariDataSource [HikariDataSource.java:123] HikariPool-1 - Start completed.
2023-07-03 01:42:04,767 INFO [http-nio-8080-exec-1] c.c.b.a.ServiceLogAspect [ServiceLogAspect.java:38] User [0:0:0:0:0:0:0:1] visited [com.coderbbs.bbsdemo.service.DiscussPostService.findDiscussPosts] at [2023-07-03 01:42:04]. 
2023-07-03 01:42:04,795 INFO [http-nio-8080-exec-1] c.c.b.a.ServiceLogAspect [ServiceLogAspect.java:38] User [0:0:0:0:0:0:0:1] visited [com.coderbbs.bbsdemo.service.UserService.findUserById] at [2023-07-03 01:42:04]. 
2023-07-03 01:42:04,815 INFO [http-nio-8080-exec-1] c.c.b.a.ServiceLogAspect [ServiceLogAspect.java:38] User [0:0:0:0:0:0:0:1] visited [com.coderbbs.bbsdemo.service.UserService.findUserById] at [2023-07-03 01:42:04]. 
2023-07-03 01:42:04,819 INFO [http-nio-8080-exec-1] c.c.b.a.ServiceLogAspect [ServiceLogAspect.java:38] User [0:0:0:0:0:0:0:1] visited [com.coderbbs.bbsdemo.service.UserService.findUserById] at [2023-07-03 01:42:04]. 
2023-07-03 01:42:04,822 INFO [http-nio-8080-exec-1] c.c.b.a.ServiceLogAspect [ServiceLogAspect.java:38] User [0:0:0:0:0:0:0:1] visited [com.coderbbs.bbsdemo.service.UserService.findUserById] at [2023-07-03 01:42:04]. 
2023-07-03 01:42:04,825 INFO [http-nio-8080-exec-1] c.c.b.a.ServiceLogAspect [ServiceLogAspect.java:38] User [0:0:0:0:0:0:0:1] visited [com.coderbbs.bbsdemo.service.UserService.findUserById] at [2023-07-03 01:42:04]. 
2023-07-03 01:42:04,829 INFO [http-nio-8080-exec-1] c.c.b.a.ServiceLogAspect [ServiceLogAspect.java:38] User [0:0:0:0:0:0:0:1] visited [com.coderbbs.bbsdemo.service.UserService.findUserById] at [2023-07-03 01:42:04]. 
2023-07-03 01:42:04,832 INFO [http-nio-8080-exec-1] c.c.b.a.ServiceLogAspect [ServiceLogAspect.java:38] User [0:0:0:0:0:0:0:1] visited [com.coderbbs.bbsdemo.service.UserService.findUserById] at [2023-07-03 01:42:04]. 
2023-07-03 01:42:04,838 INFO [http-nio-8080-exec-1] c.c.b.a.ServiceLogAspect [ServiceLogAspect.java:38] User [0:0:0:0:0:0:0:1] visited [com.coderbbs.bbsdemo.service.UserService.findUserById] at [2023-07-03 01:42:04]. 
2023-07-03 01:42:04,843 INFO [http-nio-8080-exec-1] c.c.b.a.ServiceLogAspect [ServiceLogAspect.java:38] User [0:0:0:0:0:0:0:1] visited [com.coderbbs.bbsdemo.service.UserService.findUserById] at [2023-07-03 01:42:04]. 
2023-07-03 01:42:04,846 INFO [http-nio-8080-exec-1] c.c.b.a.ServiceLogAspect [ServiceLogAspect.java:38] User [0:0:0:0:0:0:0:1] visited [com.coderbbs.bbsdemo.service.UserService.findUserById] at [2023-07-03 01:42:04]. 
2023-07-03 01:42:48,416 INFO [http-nio-8080-exec-2] c.c.b.a.ServiceLogAspect [ServiceLogAspect.java:38] User [0:0:0:0:0:0:0:1] visited [com.coderbbs.bbsdemo.service.DiscussPostService.findDiscussPostRows] at [2023-07-03 01:42:48]. 
2023-07-03 01:42:48,424 INFO [http-nio-8080-exec-2] c.c.b.a.ServiceLogAspect [ServiceLogAspect.java:38] User [0:0:0:0:0:0:0:1] visited [com.coderbbs.bbsdemo.service.DiscussPostService.findDiscussPosts] at [2023-07-03 01:42:48]. 
2023-07-03 01:42:48,432 INFO [http-nio-8080-exec-2] c.c.b.a.ServiceLogAspect [ServiceLogAspect.java:38] User [0:0:0:0:0:0:0:1] visited [com.coderbbs.bbsdemo.service.UserService.findUserById] at [2023-07-03 01:42:48]. 
2023-07-03 01:42:48,440 INFO [http-nio-8080-exec-2] c.c.b.a.ServiceLogAspect [ServiceLogAspect.java:38] User [0:0:0:0:0:0:0:1] visited [com.coderbbs.bbsdemo.service.UserService.findUserById] at [2023-07-03 01:42:48]. 
2023-07-03 01:42:48,440 INFO [http-nio-8080-exec-2] c.c.b.a.ServiceLogAspect [ServiceLogAspect.java:38] User [0:0:0:0:0:0:0:1] visited [com.coderbbs.bbsdemo.service.UserService.findUserById] at [2023-07-03 01:42:48]. 
2023-07-03 01:42:48,448 INFO [http-nio-8080-exec-2] c.c.b.a.ServiceLogAspect [ServiceLogAspect.java:38] User [0:0:0:0:0:0:0:1] visited [com.coderbbs.bbsdemo.service.UserService.findUserById] at [2023-07-03 01:42:48]. 
2023-07-03 01:42:48,451 INFO [http-nio-8080-exec-2] c.c.b.a.ServiceLogAspect [ServiceLogAspect.java:38] User [0:0:0:0:0:0:0:1] visited [com.coderbbs.bbsdemo.service.UserService.findUserById] at [2023-07-03 01:42:48]. 
2023-07-03 01:42:48,451 INFO [http-nio-8080-exec-2] c.c.b.a.ServiceLogAspect [ServiceLogAspect.java:38] User [0:0:0:0:0:0:0:1] visited [com.coderbbs.bbsdemo.service.UserService.findUserById] at [2023-07-03 01:42:48]. 
2023-07-03 01:42:48,456 INFO [http-nio-8080-exec-2] c.c.b.a.ServiceLogAspect [ServiceLogAspect.java:38] User [0:0:0:0:0:0:0:1] visited [com.coderbbs.bbsdemo.service.UserService.findUserById] at [2023-07-03 01:42:48]. 
2023-07-03 01:42:48,456 INFO [http-nio-8080-exec-2] c.c.b.a.ServiceLogAspect [ServiceLogAspect.java:38] User [0:0:0:0:0:0:0:1] visited [com.coderbbs.bbsdemo.service.UserService.findUserById] at [2023-07-03 01:42:48]. 
2023-07-03 01:42:48,464 INFO [http-nio-8080-exec-2] c.c.b.a.ServiceLogAspect [ServiceLogAspect.java:38] User [0:0:0:0:0:0:0:1] visited [com.coderbbs.bbsdemo.service.UserService.findUserById] at [2023-07-03 01:42:48]. 
2023-07-03 01:42:48,464 INFO [http-nio-8080-exec-2] c.c.b.a.ServiceLogAspect [ServiceLogAspect.java:38] User [0:0:0:0:0:0:0:1] visited [com.coderbbs.bbsdemo.service.UserService.findUserById] at [2023-07-03 01:42:48]. 
2023-07-03 01:43:05,230 INFO [SpringApplicationShutdownHook] c.z.h.HikariDataSource [HikariDataSource.java:350] HikariPool-1 - Shutdown initiated...
2023-07-03 01:43:05,232 INFO [SpringApplicationShutdownHook] c.z.h.HikariDataSource [HikariDataSource.java:352] HikariPool-1 - Shutdown completed.
2023-07-03 01:43:38,462 INFO [restartedMain] c.c.b.BbsdemoApplication [StartupInfoLogger.java:51] Starting BbsdemoApplication using Java 20.0.1 with PID 12524 (C:\Users\14597\bbsproject\bbsdemo\bbsdemo\target\classes started by 14597 in C:\Users\14597\bbsproject\bbsdemo)
2023-07-03 01:43:38,466 INFO [restartedMain] c.c.b.BbsdemoApplication [SpringApplication.java:633] No active profile set, falling back to 1 default profile: "default"
2023-07-03 01:43:38,525 INFO [restartedMain] o.s.b.d.e.DevToolsPropertyDefaultsPostProcessor [DeferredLog.java:250] Devtools property defaults active! Set 'spring.devtools.add-properties' to 'false' to disable
2023-07-03 01:43:38,526 INFO [restartedMain] o.s.b.d.e.DevToolsPropertyDefaultsPostProcessor [DeferredLog.java:250] For additional web related logging consider setting the 'logging.level.web' property to 'DEBUG'
2023-07-03 01:43:39,433 INFO [restartedMain] o.s.d.r.c.RepositoryConfigurationDelegate [RepositoryConfigurationDelegate.java:291] Multiple Spring Data modules found, entering strict repository configuration mode
2023-07-03 01:43:39,436 INFO [restartedMain] o.s.d.r.c.RepositoryConfigurationDelegate [RepositoryConfigurationDelegate.java:138] Bootstrapping Spring Data Redis repositories in DEFAULT mode.
2023-07-03 01:43:39,474 INFO [restartedMain] o.s.d.r.c.RepositoryConfigurationDelegate [RepositoryConfigurationDelegate.java:208] Finished Spring Data repository scanning in 16 ms. Found 0 Redis repository interfaces.
2023-07-03 01:43:40,684 INFO [restartedMain] o.s.b.w.e.t.TomcatWebServer [TomcatWebServer.java:108] Tomcat initialized with port(s): 8080 (http)
2023-07-03 01:43:40,698 INFO [restartedMain] o.a.c.h.Http11NioProtocol [DirectJDKLog.java:173] Initializing ProtocolHandler ["http-nio-8080"]
2023-07-03 01:43:40,700 INFO [restartedMain] o.a.c.c.StandardService [DirectJDKLog.java:173] Starting service [Tomcat]
2023-07-03 01:43:40,701 INFO [restartedMain] o.a.c.c.StandardEngine [DirectJDKLog.java:173] Starting Servlet engine: [Apache Tomcat/10.1.8]
2023-07-03 01:43:40,778 INFO [restartedMain] o.a.c.c.C.[.[.[/community] [DirectJDKLog.java:173] Initializing Spring embedded WebApplicationContext
2023-07-03 01:43:40,779 INFO [restartedMain] o.s.b.w.s.c.ServletWebServerApplicationContext [ServletWebServerApplicationContext.java:291] Root WebApplicationContext: initialization completed in 2252 ms
2023-07-03 01:43:42,179 INFO [restartedMain] o.s.b.a.w.s.WelcomePageHandlerMapping [WelcomePageHandlerMapping.java:57] Adding welcome page template: index
2023-07-03 01:43:42,645 INFO [restartedMain] o.s.b.d.a.OptionalLiveReloadServer [OptionalLiveReloadServer.java:59] LiveReload server is running on port 35729
2023-07-03 01:43:42,664 INFO [restartedMain] o.a.c.h.Http11NioProtocol [DirectJDKLog.java:173] Starting ProtocolHandler ["http-nio-8080"]
2023-07-03 01:43:42,697 INFO [restartedMain] o.s.b.w.e.t.TomcatWebServer [TomcatWebServer.java:220] Tomcat started on port(s): 8080 (http) with context path '/community'
2023-07-03 01:43:42,710 INFO [restartedMain] c.c.b.BbsdemoApplication [StartupInfoLogger.java:57] Started BbsdemoApplication in 4.929 seconds (process running for 5.608)
2023-07-03 01:44:08,396 INFO [http-nio-8080-exec-2] o.a.c.c.C.[.[.[/community] [DirectJDKLog.java:173] Initializing Spring DispatcherServlet 'dispatcherServlet'
2023-07-03 01:44:08,396 INFO [http-nio-8080-exec-2] o.s.w.s.DispatcherServlet [FrameworkServlet.java:532] Initializing Servlet 'dispatcherServlet'
2023-07-03 01:44:08,396 INFO [http-nio-8080-exec-2] o.s.w.s.DispatcherServlet [FrameworkServlet.java:554] Completed initialization in 0 ms
2023-07-03 01:44:08,453 INFO [http-nio-8080-exec-2] c.c.b.a.ServiceLogAspect [ServiceLogAspect.java:38] User [0:0:0:0:0:0:0:1] visited [com.coderbbs.bbsdemo.service.DiscussPostService.findDiscussPostRows] at [2023-07-03 01:44:08]. 
2023-07-03 01:44:08,501 INFO [http-nio-8080-exec-2] c.z.h.HikariDataSource [HikariDataSource.java:110] HikariPool-1 - Starting...
2023-07-03 01:44:08,751 INFO [http-nio-8080-exec-2] c.z.h.p.HikariPool [HikariPool.java:565] HikariPool-1 - Added connection com.mysql.cj.jdbc.ConnectionImpl@2e1fc71e
2023-07-03 01:44:08,751 INFO [http-nio-8080-exec-2] c.z.h.HikariDataSource [HikariDataSource.java:123] HikariPool-1 - Start completed.
2023-07-03 01:44:08,855 INFO [http-nio-8080-exec-2] c.c.b.a.ServiceLogAspect [ServiceLogAspect.java:38] User [0:0:0:0:0:0:0:1] visited [com.coderbbs.bbsdemo.service.DiscussPostService.findDiscussPosts] at [2023-07-03 01:44:08]. 
2023-07-03 01:44:08,879 INFO [http-nio-8080-exec-2] c.c.b.a.ServiceLogAspect [ServiceLogAspect.java:38] User [0:0:0:0:0:0:0:1] visited [com.coderbbs.bbsdemo.service.UserService.findUserById] at [2023-07-03 01:44:08]. 
2023-07-03 01:44:08,887 INFO [http-nio-8080-exec-2] c.c.b.a.ServiceLogAspect [ServiceLogAspect.java:38] User [0:0:0:0:0:0:0:1] visited [com.coderbbs.bbsdemo.service.UserService.findUserById] at [2023-07-03 01:44:08]. 
2023-07-03 01:44:08,895 INFO [http-nio-8080-exec-2] c.c.b.a.ServiceLogAspect [ServiceLogAspect.java:38] User [0:0:0:0:0:0:0:1] visited [com.coderbbs.bbsdemo.service.UserService.findUserById] at [2023-07-03 01:44:08]. 
2023-07-03 01:44:08,895 INFO [http-nio-8080-exec-2] c.c.b.a.ServiceLogAspect [ServiceLogAspect.java:38] User [0:0:0:0:0:0:0:1] visited [com.coderbbs.bbsdemo.service.UserService.findUserById] at [2023-07-03 01:44:08]. 
2023-07-03 01:44:08,903 INFO [http-nio-8080-exec-2] c.c.b.a.ServiceLogAspect [ServiceLogAspect.java:38] User [0:0:0:0:0:0:0:1] visited [com.coderbbs.bbsdemo.service.UserService.findUserById] at [2023-07-03 01:44:08]. 
2023-07-03 01:44:08,903 INFO [http-nio-8080-exec-2] c.c.b.a.ServiceLogAspect [ServiceLogAspect.java:38] User [0:0:0:0:0:0:0:1] visited [com.coderbbs.bbsdemo.service.UserService.findUserById] at [2023-07-03 01:44:08]. 
2023-07-03 01:44:08,911 INFO [http-nio-8080-exec-2] c.c.b.a.ServiceLogAspect [ServiceLogAspect.java:38] User [0:0:0:0:0:0:0:1] visited [com.coderbbs.bbsdemo.service.UserService.findUserById] at [2023-07-03 01:44:08]. 
2023-07-03 01:44:08,913 INFO [http-nio-8080-exec-2] c.c.b.a.ServiceLogAspect [ServiceLogAspect.java:38] User [0:0:0:0:0:0:0:1] visited [com.coderbbs.bbsdemo.service.UserService.findUserById] at [2023-07-03 01:44:08]. 
2023-07-03 01:44:08,913 INFO [http-nio-8080-exec-2] c.c.b.a.ServiceLogAspect [ServiceLogAspect.java:38] User [0:0:0:0:0:0:0:1] visited [com.coderbbs.bbsdemo.service.UserService.findUserById] at [2023-07-03 01:44:08]. 
2023-07-03 01:44:08,919 INFO [http-nio-8080-exec-2] c.c.b.a.ServiceLogAspect [ServiceLogAspect.java:38] User [0:0:0:0:0:0:0:1] visited [com.coderbbs.bbsdemo.service.UserService.findUserById] at [2023-07-03 01:44:08]. 
2023-07-03 01:44:21,499 INFO [http-nio-8080-exec-1] c.c.b.a.ServiceLogAspect [ServiceLogAspect.java:38] User [0:0:0:0:0:0:0:1] visited [com.coderbbs.bbsdemo.service.DiscussPostService.findDiscussPostRows] at [2023-07-03 01:44:21]. 
2023-07-03 01:44:21,507 INFO [http-nio-8080-exec-1] c.c.b.a.ServiceLogAspect [ServiceLogAspect.java:38] User [0:0:0:0:0:0:0:1] visited [com.coderbbs.bbsdemo.service.DiscussPostService.findDiscussPosts] at [2023-07-03 01:44:21]. 
2023-07-03 01:44:21,515 INFO [http-nio-8080-exec-1] c.c.b.a.ServiceLogAspect [ServiceLogAspect.java:38] User [0:0:0:0:0:0:0:1] visited [com.coderbbs.bbsdemo.service.UserService.findUserById] at [2023-07-03 01:44:21]. 
2023-07-03 01:44:21,523 INFO [http-nio-8080-exec-1] c.c.b.a.ServiceLogAspect [ServiceLogAspect.java:38] User [0:0:0:0:0:0:0:1] visited [com.coderbbs.bbsdemo.service.UserService.findUserById] at [2023-07-03 01:44:21]. 
2023-07-03 01:44:21,523 INFO [http-nio-8080-exec-1] c.c.b.a.ServiceLogAspect [ServiceLogAspect.java:38] User [0:0:0:0:0:0:0:1] visited [com.coderbbs.bbsdemo.service.UserService.findUserById] at [2023-07-03 01:44:21]. 
2023-07-03 01:44:21,523 INFO [http-nio-8080-exec-1] c.c.b.a.ServiceLogAspect [ServiceLogAspect.java:38] User [0:0:0:0:0:0:0:1] visited [com.coderbbs.bbsdemo.service.UserService.findUserById] at [2023-07-03 01:44:21]. 
2023-07-03 01:44:21,531 INFO [http-nio-8080-exec-1] c.c.b.a.ServiceLogAspect [ServiceLogAspect.java:38] User [0:0:0:0:0:0:0:1] visited [com.coderbbs.bbsdemo.service.UserService.findUserById] at [2023-07-03 01:44:21]. 
2023-07-03 01:44:21,531 INFO [http-nio-8080-exec-1] c.c.b.a.ServiceLogAspect [ServiceLogAspect.java:38] User [0:0:0:0:0:0:0:1] visited [com.coderbbs.bbsdemo.service.UserService.findUserById] at [2023-07-03 01:44:21]. 
2023-07-03 01:44:21,531 INFO [http-nio-8080-exec-1] c.c.b.a.ServiceLogAspect [ServiceLogAspect.java:38] User [0:0:0:0:0:0:0:1] visited [com.coderbbs.bbsdemo.service.UserService.findUserById] at [2023-07-03 01:44:21]. 
2023-07-03 01:44:21,538 INFO [http-nio-8080-exec-1] c.c.b.a.ServiceLogAspect [ServiceLogAspect.java:38] User [0:0:0:0:0:0:0:1] visited [com.coderbbs.bbsdemo.service.UserService.findUserById] at [2023-07-03 01:44:21]. 
2023-07-03 01:44:21,538 INFO [http-nio-8080-exec-1] c.c.b.a.ServiceLogAspect [ServiceLogAspect.java:38] User [0:0:0:0:0:0:0:1] visited [com.coderbbs.bbsdemo.service.UserService.findUserById] at [2023-07-03 01:44:21]. 
2023-07-03 01:44:21,546 INFO [http-nio-8080-exec-1] c.c.b.a.ServiceLogAspect [ServiceLogAspect.java:38] User [0:0:0:0:0:0:0:1] visited [com.coderbbs.bbsdemo.service.UserService.findUserById] at [2023-07-03 01:44:21]. 
2023-07-03 01:44:39,576 INFO [http-nio-8080-exec-4] c.c.b.a.ServiceLogAspect [ServiceLogAspect.java:38] User [0:0:0:0:0:0:0:1] visited [com.coderbbs.bbsdemo.service.DiscussPostService.findDiscussPostRows] at [2023-07-03 01:44:39]. 
2023-07-03 01:44:39,576 INFO [http-nio-8080-exec-4] c.c.b.a.ServiceLogAspect [ServiceLogAspect.java:38] User [0:0:0:0:0:0:0:1] visited [com.coderbbs.bbsdemo.service.DiscussPostService.findDiscussPosts] at [2023-07-03 01:44:39]. 
2023-07-03 01:44:39,584 INFO [http-nio-8080-exec-4] c.c.b.a.ServiceLogAspect [ServiceLogAspect.java:38] User [0:0:0:0:0:0:0:1] visited [com.coderbbs.bbsdemo.service.UserService.findUserById] at [2023-07-03 01:44:39]. 
2023-07-03 01:44:39,592 INFO [http-nio-8080-exec-4] c.c.b.a.ServiceLogAspect [ServiceLogAspect.java:38] User [0:0:0:0:0:0:0:1] visited [com.coderbbs.bbsdemo.service.UserService.findUserById] at [2023-07-03 01:44:39]. 
2023-07-03 01:44:39,592 INFO [http-nio-8080-exec-4] c.c.b.a.ServiceLogAspect [ServiceLogAspect.java:38] User [0:0:0:0:0:0:0:1] visited [com.coderbbs.bbsdemo.service.UserService.findUserById] at [2023-07-03 01:44:39]. 
2023-07-03 01:44:39,592 INFO [http-nio-8080-exec-4] c.c.b.a.ServiceLogAspect [ServiceLogAspect.java:38] User [0:0:0:0:0:0:0:1] visited [com.coderbbs.bbsdemo.service.UserService.findUserById] at [2023-07-03 01:44:39]. 
2023-07-03 01:44:39,600 INFO [http-nio-8080-exec-4] c.c.b.a.ServiceLogAspect [ServiceLogAspect.java:38] User [0:0:0:0:0:0:0:1] visited [com.coderbbs.bbsdemo.service.UserService.findUserById] at [2023-07-03 01:44:39]. 
2023-07-03 01:44:39,600 INFO [http-nio-8080-exec-4] c.c.b.a.ServiceLogAspect [ServiceLogAspect.java:38] User [0:0:0:0:0:0:0:1] visited [com.coderbbs.bbsdemo.service.UserService.findUserById] at [2023-07-03 01:44:39]. 
2023-07-03 01:44:39,600 INFO [http-nio-8080-exec-4] c.c.b.a.ServiceLogAspect [ServiceLogAspect.java:38] User [0:0:0:0:0:0:0:1] visited [com.coderbbs.bbsdemo.service.UserService.findUserById] at [2023-07-03 01:44:39]. 
2023-07-03 01:44:39,608 INFO [http-nio-8080-exec-4] c.c.b.a.ServiceLogAspect [ServiceLogAspect.java:38] User [0:0:0:0:0:0:0:1] visited [com.coderbbs.bbsdemo.service.UserService.findUserById] at [2023-07-03 01:44:39]. 
2023-07-03 01:44:39,608 INFO [http-nio-8080-exec-4] c.c.b.a.ServiceLogAspect [ServiceLogAspect.java:38] User [0:0:0:0:0:0:0:1] visited [com.coderbbs.bbsdemo.service.UserService.findUserById] at [2023-07-03 01:44:39]. 
2023-07-03 01:44:39,608 INFO [http-nio-8080-exec-4] c.c.b.a.ServiceLogAspect [ServiceLogAspect.java:38] User [0:0:0:0:0:0:0:1] visited [com.coderbbs.bbsdemo.service.UserService.findUserById] at [2023-07-03 01:44:39]. 
2023-07-03 01:45:37,852 INFO [http-nio-8080-exec-6] c.c.b.a.ServiceLogAspect [ServiceLogAspect.java:38] User [0:0:0:0:0:0:0:1] visited [com.coderbbs.bbsdemo.service.DiscussPostService.findDiscussPostRows] at [2023-07-03 01:45:37]. 
2023-07-03 01:45:37,859 INFO [http-nio-8080-exec-6] c.c.b.a.ServiceLogAspect [ServiceLogAspect.java:38] User [0:0:0:0:0:0:0:1] visited [com.coderbbs.bbsdemo.service.DiscussPostService.findDiscussPosts] at [2023-07-03 01:45:37]. 
2023-07-03 01:45:37,867 INFO [http-nio-8080-exec-6] c.c.b.a.ServiceLogAspect [ServiceLogAspect.java:38] User [0:0:0:0:0:0:0:1] visited [com.coderbbs.bbsdemo.service.UserService.findUserById] at [2023-07-03 01:45:37]. 
2023-07-03 01:45:37,875 INFO [http-nio-8080-exec-6] c.c.b.a.ServiceLogAspect [ServiceLogAspect.java:38] User [0:0:0:0:0:0:0:1] visited [com.coderbbs.bbsdemo.service.UserService.findUserById] at [2023-07-03 01:45:37]. 
2023-07-03 01:45:37,883 INFO [http-nio-8080-exec-6] c.c.b.a.ServiceLogAspect [ServiceLogAspect.java:38] User [0:0:0:0:0:0:0:1] visited [com.coderbbs.bbsdemo.service.UserService.findUserById] at [2023-07-03 01:45:37]. 
2023-07-03 01:45:37,891 INFO [http-nio-8080-exec-6] c.c.b.a.ServiceLogAspect [ServiceLogAspect.java:38] User [0:0:0:0:0:0:0:1] visited [com.coderbbs.bbsdemo.service.UserService.findUserById] at [2023-07-03 01:45:37]. 
2023-07-03 01:45:37,899 INFO [http-nio-8080-exec-6] c.c.b.a.ServiceLogAspect [ServiceLogAspect.java:38] User [0:0:0:0:0:0:0:1] visited [com.coderbbs.bbsdemo.service.UserService.findUserById] at [2023-07-03 01:45:37]. 
2023-07-03 01:45:37,899 INFO [http-nio-8080-exec-6] c.c.b.a.ServiceLogAspect [ServiceLogAspect.java:38] User [0:0:0:0:0:0:0:1] visited [com.coderbbs.bbsdemo.service.UserService.findUserById] at [2023-07-03 01:45:37]. 
2023-07-03 01:45:37,907 INFO [http-nio-8080-exec-6] c.c.b.a.ServiceLogAspect [ServiceLogAspect.java:38] User [0:0:0:0:0:0:0:1] visited [com.coderbbs.bbsdemo.service.UserService.findUserById] at [2023-07-03 01:45:37]. 
2023-07-03 01:45:37,915 INFO [http-nio-8080-exec-6] c.c.b.a.ServiceLogAspect [ServiceLogAspect.java:38] User [0:0:0:0:0:0:0:1] visited [com.coderbbs.bbsdemo.service.UserService.findUserById] at [2023-07-03 01:45:37]. 
2023-07-03 01:45:37,923 INFO [http-nio-8080-exec-6] c.c.b.a.ServiceLogAspect [ServiceLogAspect.java:38] User [0:0:0:0:0:0:0:1] visited [com.coderbbs.bbsdemo.service.UserService.findUserById] at [2023-07-03 01:45:37]. 
2023-07-03 01:45:37,923 INFO [http-nio-8080-exec-6] c.c.b.a.ServiceLogAspect [ServiceLogAspect.java:38] User [0:0:0:0:0:0:0:1] visited [com.coderbbs.bbsdemo.service.UserService.findUserById] at [2023-07-03 01:45:37]. 
2023-07-03 01:46:16,790 INFO [http-nio-8080-exec-3] c.c.b.a.ServiceLogAspect [ServiceLogAspect.java:38] User [0:0:0:0:0:0:0:1] visited [com.coderbbs.bbsdemo.service.UserService.login] at [2023-07-03 01:46:16]. 
2023-07-03 01:46:16,862 INFO [http-nio-8080-exec-5] c.c.b.a.ServiceLogAspect [ServiceLogAspect.java:38] User [0:0:0:0:0:0:0:1] visited [com.coderbbs.bbsdemo.service.UserService.findLoginTicket] at [2023-07-03 01:46:16]. 
2023-07-03 01:46:16,862 INFO [http-nio-8080-exec-5] c.c.b.a.ServiceLogAspect [ServiceLogAspect.java:38] User [0:0:0:0:0:0:0:1] visited [com.coderbbs.bbsdemo.service.UserService.findUserById] at [2023-07-03 01:46:16]. 
2023-07-03 01:46:16,870 INFO [http-nio-8080-exec-5] c.c.b.a.ServiceLogAspect [ServiceLogAspect.java:38] User [0:0:0:0:0:0:0:1] visited [com.coderbbs.bbsdemo.service.DiscussPostService.findDiscussPostRows] at [2023-07-03 01:46:16]. 
2023-07-03 01:46:16,870 INFO [http-nio-8080-exec-5] c.c.b.a.ServiceLogAspect [ServiceLogAspect.java:38] User [0:0:0:0:0:0:0:1] visited [com.coderbbs.bbsdemo.service.DiscussPostService.findDiscussPosts] at [2023-07-03 01:46:16]. 
2023-07-03 01:46:16,878 INFO [http-nio-8080-exec-5] c.c.b.a.ServiceLogAspect [ServiceLogAspect.java:38] User [0:0:0:0:0:0:0:1] visited [com.coderbbs.bbsdemo.service.UserService.findUserById] at [2023-07-03 01:46:16]. 
2023-07-03 01:46:16,878 INFO [http-nio-8080-exec-5] c.c.b.a.ServiceLogAspect [ServiceLogAspect.java:38] User [0:0:0:0:0:0:0:1] visited [com.coderbbs.bbsdemo.service.UserService.findUserById] at [2023-07-03 01:46:16]. 
2023-07-03 01:46:16,878 INFO [http-nio-8080-exec-5] c.c.b.a.ServiceLogAspect [ServiceLogAspect.java:38] User [0:0:0:0:0:0:0:1] visited [com.coderbbs.bbsdemo.service.UserService.findUserById] at [2023-07-03 01:46:16]. 
2023-07-03 01:46:16,886 INFO [http-nio-8080-exec-5] c.c.b.a.ServiceLogAspect [ServiceLogAspect.java:38] User [0:0:0:0:0:0:0:1] visited [com.coderbbs.bbsdemo.service.UserService.findUserById] at [2023-07-03 01:46:16]. 
2023-07-03 01:46:16,886 INFO [http-nio-8080-exec-5] c.c.b.a.ServiceLogAspect [ServiceLogAspect.java:38] User [0:0:0:0:0:0:0:1] visited [com.coderbbs.bbsdemo.service.UserService.findUserById] at [2023-07-03 01:46:16]. 
2023-07-03 01:46:16,886 INFO [http-nio-8080-exec-5] c.c.b.a.ServiceLogAspect [ServiceLogAspect.java:38] User [0:0:0:0:0:0:0:1] visited [com.coderbbs.bbsdemo.service.UserService.findUserById] at [2023-07-03 01:46:16]. 
2023-07-03 01:46:16,894 INFO [http-nio-8080-exec-5] c.c.b.a.ServiceLogAspect [ServiceLogAspect.java:38] User [0:0:0:0:0:0:0:1] visited [com.coderbbs.bbsdemo.service.UserService.findUserById] at [2023-07-03 01:46:16]. 
2023-07-03 01:46:16,894 INFO [http-nio-8080-exec-5] c.c.b.a.ServiceLogAspect [ServiceLogAspect.java:38] User [0:0:0:0:0:0:0:1] visited [com.coderbbs.bbsdemo.service.UserService.findUserById] at [2023-07-03 01:46:16]. 
2023-07-03 01:46:16,894 INFO [http-nio-8080-exec-5] c.c.b.a.ServiceLogAspect [ServiceLogAspect.java:38] User [0:0:0:0:0:0:0:1] visited [com.coderbbs.bbsdemo.service.UserService.findUserById] at [2023-07-03 01:46:16]. 
2023-07-03 01:46:16,902 INFO [http-nio-8080-exec-5] c.c.b.a.ServiceLogAspect [ServiceLogAspect.java:38] User [0:0:0:0:0:0:0:1] visited [com.coderbbs.bbsdemo.service.UserService.findUserById] at [2023-07-03 01:46:16]. 
2023-07-03 01:46:24,674 INFO [http-nio-8080-exec-2] c.c.b.a.ServiceLogAspect [ServiceLogAspect.java:38] User [0:0:0:0:0:0:0:1] visited [com.coderbbs.bbsdemo.service.UserService.findLoginTicket] at [2023-07-03 01:46:24]. 
2023-07-03 01:46:24,678 INFO [http-nio-8080-exec-2] c.c.b.a.ServiceLogAspect [ServiceLogAspect.java:38] User [0:0:0:0:0:0:0:1] visited [com.coderbbs.bbsdemo.service.UserService.findUserById] at [2023-07-03 01:46:24]. 
2023-07-03 01:46:24,686 INFO [http-nio-8080-exec-2] c.c.b.a.ServiceLogAspect [ServiceLogAspect.java:38] User [0:0:0:0:0:0:0:1] visited [com.coderbbs.bbsdemo.service.DiscussPostService.findDiscussPostByPostId] at [2023-07-03 01:46:24]. 
2023-07-03 01:46:24,686 INFO [http-nio-8080-exec-2] c.c.b.a.ServiceLogAspect [ServiceLogAspect.java:38] User [0:0:0:0:0:0:0:1] visited [com.coderbbs.bbsdemo.service.UserService.findUserById] at [2023-07-03 01:46:24]. 
2023-07-03 01:46:24,686 INFO [http-nio-8080-exec-2] c.c.b.a.ServiceLogAspect [ServiceLogAspect.java:38] User [0:0:0:0:0:0:0:1] visited [com.coderbbs.bbsdemo.service.CommentService.findCommentsByEntity] at [2023-07-03 01:46:24]. 
2023-07-03 01:46:24,696 INFO [http-nio-8080-exec-2] c.c.b.a.ServiceLogAspect [ServiceLogAspect.java:38] User [0:0:0:0:0:0:0:1] visited [com.coderbbs.bbsdemo.service.UserService.findUserById] at [2023-07-03 01:46:24]. 
2023-07-03 01:46:24,704 INFO [http-nio-8080-exec-2] c.c.b.a.ServiceLogAspect [ServiceLogAspect.java:38] User [0:0:0:0:0:0:0:1] visited [com.coderbbs.bbsdemo.service.CommentService.findCommentsByEntity] at [2023-07-03 01:46:24]. 
2023-07-03 01:46:24,706 INFO [http-nio-8080-exec-2] c.c.b.a.ServiceLogAspect [ServiceLogAspect.java:38] User [0:0:0:0:0:0:0:1] visited [com.coderbbs.bbsdemo.service.UserService.findUserById] at [2023-07-03 01:46:24]. 
2023-07-03 01:46:24,706 INFO [http-nio-8080-exec-2] c.c.b.a.ServiceLogAspect [ServiceLogAspect.java:38] User [0:0:0:0:0:0:0:1] visited [com.coderbbs.bbsdemo.service.CommentService.findCommentCount] at [2023-07-03 01:46:24]. 
2023-07-03 01:46:39,067 INFO [http-nio-8080-exec-7] c.c.b.a.ServiceLogAspect [ServiceLogAspect.java:38] User [0:0:0:0:0:0:0:1] visited [com.coderbbs.bbsdemo.service.UserService.findLoginTicket] at [2023-07-03 01:46:39]. 
2023-07-03 01:46:39,072 INFO [http-nio-8080-exec-7] c.c.b.a.ServiceLogAspect [ServiceLogAspect.java:38] User [0:0:0:0:0:0:0:1] visited [com.coderbbs.bbsdemo.service.UserService.findUserById] at [2023-07-03 01:46:39]. 
2023-07-03 01:46:39,075 INFO [http-nio-8080-exec-7] c.c.b.a.ServiceLogAspect [ServiceLogAspect.java:38] User [0:0:0:0:0:0:0:1] visited [com.coderbbs.bbsdemo.service.LikeService.like] at [2023-07-03 01:46:39]. 
2023-07-03 01:46:39,837 INFO [http-nio-8080-exec-7] c.c.b.a.ServiceLogAspect [ServiceLogAspect.java:38] User [0:0:0:0:0:0:0:1] visited [com.coderbbs.bbsdemo.service.LikeService.findEntityLikeCount] at [2023-07-03 01:46:39]. 
2023-07-03 01:46:39,842 INFO [http-nio-8080-exec-7] c.c.b.a.ServiceLogAspect [ServiceLogAspect.java:38] User [0:0:0:0:0:0:0:1] visited [com.coderbbs.bbsdemo.service.LikeService.findEntityLikeStatus] at [2023-07-03 01:46:39]. 
2023-07-03 01:46:45,238 INFO [http-nio-8080-exec-8] c.c.b.a.ServiceLogAspect [ServiceLogAspect.java:38] User [0:0:0:0:0:0:0:1] visited [com.coderbbs.bbsdemo.service.UserService.findLoginTicket] at [2023-07-03 01:46:45]. 
2023-07-03 01:46:45,241 INFO [http-nio-8080-exec-8] c.c.b.a.ServiceLogAspect [ServiceLogAspect.java:38] User [0:0:0:0:0:0:0:1] visited [com.coderbbs.bbsdemo.service.UserService.findUserById] at [2023-07-03 01:46:45]. 
2023-07-03 01:46:45,246 INFO [http-nio-8080-exec-8] c.c.b.a.ServiceLogAspect [ServiceLogAspect.java:38] User [0:0:0:0:0:0:0:1] visited [com.coderbbs.bbsdemo.service.LikeService.like] at [2023-07-03 01:46:45]. 
2023-07-03 01:46:45,250 INFO [http-nio-8080-exec-8] c.c.b.a.ServiceLogAspect [ServiceLogAspect.java:38] User [0:0:0:0:0:0:0:1] visited [com.coderbbs.bbsdemo.service.LikeService.findEntityLikeCount] at [2023-07-03 01:46:45]. 
2023-07-03 01:46:45,250 INFO [http-nio-8080-exec-8] c.c.b.a.ServiceLogAspect [ServiceLogAspect.java:38] User [0:0:0:0:0:0:0:1] visited [com.coderbbs.bbsdemo.service.LikeService.findEntityLikeStatus] at [2023-07-03 01:46:45]. 
2023-07-03 01:46:46,430 INFO [http-nio-8080-exec-9] c.c.b.a.ServiceLogAspect [ServiceLogAspect.java:38] User [0:0:0:0:0:0:0:1] visited [com.coderbbs.bbsdemo.service.UserService.findLoginTicket] at [2023-07-03 01:46:46]. 
2023-07-03 01:46:46,435 INFO [http-nio-8080-exec-9] c.c.b.a.ServiceLogAspect [ServiceLogAspect.java:38] User [0:0:0:0:0:0:0:1] visited [com.coderbbs.bbsdemo.service.UserService.findUserById] at [2023-07-03 01:46:46]. 
2023-07-03 01:46:46,438 INFO [http-nio-8080-exec-9] c.c.b.a.ServiceLogAspect [ServiceLogAspect.java:38] User [0:0:0:0:0:0:0:1] visited [com.coderbbs.bbsdemo.service.LikeService.like] at [2023-07-03 01:46:46]. 
2023-07-03 01:46:46,438 INFO [http-nio-8080-exec-9] c.c.b.a.ServiceLogAspect [ServiceLogAspect.java:38] User [0:0:0:0:0:0:0:1] visited [com.coderbbs.bbsdemo.service.LikeService.findEntityLikeCount] at [2023-07-03 01:46:46]. 
2023-07-03 01:46:46,438 INFO [http-nio-8080-exec-9] c.c.b.a.ServiceLogAspect [ServiceLogAspect.java:38] User [0:0:0:0:0:0:0:1] visited [com.coderbbs.bbsdemo.service.LikeService.findEntityLikeStatus] at [2023-07-03 01:46:46]. 
2023-07-03 01:47:01,213 INFO [http-nio-8080-exec-6] c.c.b.a.ServiceLogAspect [ServiceLogAspect.java:38] User [0:0:0:0:0:0:0:1] visited [com.coderbbs.bbsdemo.service.UserService.findLoginTicket] at [2023-07-03 01:47:01]. 
2023-07-03 01:47:01,213 INFO [http-nio-8080-exec-6] c.c.b.a.ServiceLogAspect [ServiceLogAspect.java:38] User [0:0:0:0:0:0:0:1] visited [com.coderbbs.bbsdemo.service.UserService.findUserById] at [2023-07-03 01:47:01]. 
2023-07-03 01:47:01,218 INFO [http-nio-8080-exec-6] c.c.b.a.ServiceLogAspect [ServiceLogAspect.java:38] User [0:0:0:0:0:0:0:1] visited [com.coderbbs.bbsdemo.service.LikeService.like] at [2023-07-03 01:47:01]. 
2023-07-03 01:47:01,221 INFO [http-nio-8080-exec-6] c.c.b.a.ServiceLogAspect [ServiceLogAspect.java:38] User [0:0:0:0:0:0:0:1] visited [com.coderbbs.bbsdemo.service.LikeService.findEntityLikeCount] at [2023-07-03 01:47:01]. 
2023-07-03 01:47:01,221 INFO [http-nio-8080-exec-6] c.c.b.a.ServiceLogAspect [ServiceLogAspect.java:38] User [0:0:0:0:0:0:0:1] visited [com.coderbbs.bbsdemo.service.LikeService.findEntityLikeStatus] at [2023-07-03 01:47:01]. 
2023-07-03 01:47:02,138 INFO [http-nio-8080-exec-2] c.c.b.a.ServiceLogAspect [ServiceLogAspect.java:38] User [0:0:0:0:0:0:0:1] visited [com.coderbbs.bbsdemo.service.UserService.findLoginTicket] at [2023-07-03 01:47:02]. 
2023-07-03 01:47:02,146 INFO [http-nio-8080-exec-2] c.c.b.a.ServiceLogAspect [ServiceLogAspect.java:38] User [0:0:0:0:0:0:0:1] visited [com.coderbbs.bbsdemo.service.UserService.findUserById] at [2023-07-03 01:47:02]. 
2023-07-03 01:47:02,146 INFO [http-nio-8080-exec-2] c.c.b.a.ServiceLogAspect [ServiceLogAspect.java:38] User [0:0:0:0:0:0:0:1] visited [com.coderbbs.bbsdemo.service.LikeService.like] at [2023-07-03 01:47:02]. 
2023-07-03 01:47:02,154 INFO [http-nio-8080-exec-2] c.c.b.a.ServiceLogAspect [ServiceLogAspect.java:38] User [0:0:0:0:0:0:0:1] visited [com.coderbbs.bbsdemo.service.LikeService.findEntityLikeCount] at [2023-07-03 01:47:02]. 
2023-07-03 01:47:02,154 INFO [http-nio-8080-exec-2] c.c.b.a.ServiceLogAspect [ServiceLogAspect.java:38] User [0:0:0:0:0:0:0:1] visited [com.coderbbs.bbsdemo.service.LikeService.findEntityLikeStatus] at [2023-07-03 01:47:02]. 
2023-07-03 01:49:23,354 INFO [SpringApplicationShutdownHook] c.z.h.HikariDataSource [HikariDataSource.java:350] HikariPool-1 - Shutdown initiated...
2023-07-03 01:49:23,370 INFO [SpringApplicationShutdownHook] c.z.h.HikariDataSource [HikariDataSource.java:352] HikariPool-1 - Shutdown completed.
2023-07-03 01:49:27,162 INFO [restartedMain] c.c.b.BbsdemoApplication [StartupInfoLogger.java:51] Starting BbsdemoApplication using Java 20.0.1 with PID 25748 (C:\Users\14597\bbsproject\bbsdemo\bbsdemo\target\classes started by 14597 in C:\Users\14597\bbsproject\bbsdemo)
2023-07-03 01:49:27,165 INFO [restartedMain] c.c.b.BbsdemoApplication [SpringApplication.java:633] No active profile set, falling back to 1 default profile: "default"
2023-07-03 01:49:27,230 INFO [restartedMain] o.s.b.d.e.DevToolsPropertyDefaultsPostProcessor [DeferredLog.java:250] Devtools property defaults active! Set 'spring.devtools.add-properties' to 'false' to disable
2023-07-03 01:49:27,230 INFO [restartedMain] o.s.b.d.e.DevToolsPropertyDefaultsPostProcessor [DeferredLog.java:250] For additional web related logging consider setting the 'logging.level.web' property to 'DEBUG'
2023-07-03 01:49:28,253 INFO [restartedMain] o.s.d.r.c.RepositoryConfigurationDelegate [RepositoryConfigurationDelegate.java:291] Multiple Spring Data modules found, entering strict repository configuration mode
2023-07-03 01:49:28,258 INFO [restartedMain] o.s.d.r.c.RepositoryConfigurationDelegate [RepositoryConfigurationDelegate.java:138] Bootstrapping Spring Data Redis repositories in DEFAULT mode.
2023-07-03 01:49:28,298 INFO [restartedMain] o.s.d.r.c.RepositoryConfigurationDelegate [RepositoryConfigurationDelegate.java:208] Finished Spring Data repository scanning in 16 ms. Found 0 Redis repository interfaces.
2023-07-03 01:49:29,653 INFO [restartedMain] o.s.b.w.e.t.TomcatWebServer [TomcatWebServer.java:108] Tomcat initialized with port(s): 8080 (http)
2023-07-03 01:49:29,663 INFO [restartedMain] o.a.c.h.Http11NioProtocol [DirectJDKLog.java:173] Initializing ProtocolHandler ["http-nio-8080"]
2023-07-03 01:49:29,672 INFO [restartedMain] o.a.c.c.StandardService [DirectJDKLog.java:173] Starting service [Tomcat]
2023-07-03 01:49:29,672 INFO [restartedMain] o.a.c.c.StandardEngine [DirectJDKLog.java:173] Starting Servlet engine: [Apache Tomcat/10.1.8]
2023-07-03 01:49:29,784 INFO [restartedMain] o.a.c.c.C.[.[.[/community] [DirectJDKLog.java:173] Initializing Spring embedded WebApplicationContext
2023-07-03 01:49:29,784 INFO [restartedMain] o.s.b.w.s.c.ServletWebServerApplicationContext [ServletWebServerApplicationContext.java:291] Root WebApplicationContext: initialization completed in 2554 ms
2023-07-03 01:49:31,449 INFO [restartedMain] o.s.b.a.w.s.WelcomePageHandlerMapping [WelcomePageHandlerMapping.java:57] Adding welcome page template: index
2023-07-03 01:49:32,035 INFO [restartedMain] o.s.b.d.a.OptionalLiveReloadServer [OptionalLiveReloadServer.java:59] LiveReload server is running on port 35729
2023-07-03 01:49:32,053 INFO [restartedMain] o.a.c.h.Http11NioProtocol [DirectJDKLog.java:173] Starting ProtocolHandler ["http-nio-8080"]
2023-07-03 01:49:32,097 INFO [restartedMain] o.s.b.w.e.t.TomcatWebServer [TomcatWebServer.java:220] Tomcat started on port(s): 8080 (http) with context path '/community'
2023-07-03 01:49:32,115 INFO [restartedMain] c.c.b.BbsdemoApplication [StartupInfoLogger.java:57] Started BbsdemoApplication in 5.729 seconds (process running for 6.413)
2023-07-03 01:49:52,603 INFO [http-nio-8080-exec-1] o.a.c.c.C.[.[.[/community] [DirectJDKLog.java:173] Initializing Spring DispatcherServlet 'dispatcherServlet'
2023-07-03 01:49:52,603 INFO [http-nio-8080-exec-1] o.s.w.s.DispatcherServlet [FrameworkServlet.java:532] Initializing Servlet 'dispatcherServlet'
2023-07-03 01:49:52,609 INFO [http-nio-8080-exec-1] o.s.w.s.DispatcherServlet [FrameworkServlet.java:554] Completed initialization in 6 ms
2023-07-03 01:49:52,653 INFO [http-nio-8080-exec-1] c.c.b.a.ServiceLogAspect [ServiceLogAspect.java:38] User [0:0:0:0:0:0:0:1] visited [com.coderbbs.bbsdemo.service.UserService.findLoginTicket] at [2023-07-03 01:49:52]. 
2023-07-03 01:49:52,682 INFO [http-nio-8080-exec-1] c.z.h.HikariDataSource [HikariDataSource.java:110] HikariPool-1 - Starting...
2023-07-03 01:49:52,943 INFO [http-nio-8080-exec-1] c.z.h.p.HikariPool [HikariPool.java:565] HikariPool-1 - Added connection com.mysql.cj.jdbc.ConnectionImpl@67192cd9
2023-07-03 01:49:52,945 INFO [http-nio-8080-exec-1] c.z.h.HikariDataSource [HikariDataSource.java:123] HikariPool-1 - Start completed.
2023-07-03 01:49:53,044 INFO [http-nio-8080-exec-1] c.c.b.a.ServiceLogAspect [ServiceLogAspect.java:38] User [0:0:0:0:0:0:0:1] visited [com.coderbbs.bbsdemo.service.UserService.findUserById] at [2023-07-03 01:49:53]. 
2023-07-03 01:49:53,093 INFO [http-nio-8080-exec-1] c.c.b.a.ServiceLogAspect [ServiceLogAspect.java:38] User [0:0:0:0:0:0:0:1] visited [com.coderbbs.bbsdemo.service.DiscussPostService.findDiscussPostByPostId] at [2023-07-03 01:49:53]. 
2023-07-03 01:49:53,109 INFO [http-nio-8080-exec-1] c.c.b.a.ServiceLogAspect [ServiceLogAspect.java:38] User [0:0:0:0:0:0:0:1] visited [com.coderbbs.bbsdemo.service.UserService.findUserById] at [2023-07-03 01:49:53]. 
2023-07-03 01:49:53,114 INFO [http-nio-8080-exec-1] c.c.b.a.ServiceLogAspect [ServiceLogAspect.java:38] User [0:0:0:0:0:0:0:1] visited [com.coderbbs.bbsdemo.service.CommentService.findCommentsByEntity] at [2023-07-03 01:49:53]. 
2023-07-03 01:49:53,124 INFO [http-nio-8080-exec-1] c.c.b.a.ServiceLogAspect [ServiceLogAspect.java:38] User [0:0:0:0:0:0:0:1] visited [com.coderbbs.bbsdemo.service.UserService.findUserById] at [2023-07-03 01:49:53]. 
2023-07-03 01:49:53,129 INFO [http-nio-8080-exec-1] c.c.b.a.ServiceLogAspect [ServiceLogAspect.java:38] User [0:0:0:0:0:0:0:1] visited [com.coderbbs.bbsdemo.service.CommentService.findCommentsByEntity] at [2023-07-03 01:49:53]. 
2023-07-03 01:49:53,133 INFO [http-nio-8080-exec-1] c.c.b.a.ServiceLogAspect [ServiceLogAspect.java:38] User [0:0:0:0:0:0:0:1] visited [com.coderbbs.bbsdemo.service.UserService.findUserById] at [2023-07-03 01:49:53]. 
2023-07-03 01:49:53,137 INFO [http-nio-8080-exec-1] c.c.b.a.ServiceLogAspect [ServiceLogAspect.java:38] User [0:0:0:0:0:0:0:1] visited [com.coderbbs.bbsdemo.service.CommentService.findCommentCount] at [2023-07-03 01:49:53]. 
2023-07-03 01:49:58,016 INFO [http-nio-8080-exec-7] c.c.b.a.ServiceLogAspect [ServiceLogAspect.java:38] User [0:0:0:0:0:0:0:1] visited [com.coderbbs.bbsdemo.service.UserService.findLoginTicket] at [2023-07-03 01:49:58]. 
2023-07-03 01:49:58,023 INFO [http-nio-8080-exec-7] c.c.b.a.ServiceLogAspect [ServiceLogAspect.java:38] User [0:0:0:0:0:0:0:1] visited [com.coderbbs.bbsdemo.service.UserService.findUserById] at [2023-07-03 01:49:58]. 
2023-07-03 01:49:58,033 INFO [http-nio-8080-exec-7] c.c.b.a.ServiceLogAspect [ServiceLogAspect.java:38] User [0:0:0:0:0:0:0:1] visited [com.coderbbs.bbsdemo.service.LikeService.like] at [2023-07-03 01:49:58]. 
2023-07-03 01:49:58,744 INFO [http-nio-8080-exec-7] c.c.b.a.ServiceLogAspect [ServiceLogAspect.java:38] User [0:0:0:0:0:0:0:1] visited [com.coderbbs.bbsdemo.service.LikeService.findEntityLikeCount] at [2023-07-03 01:49:58]. 
2023-07-03 01:49:58,754 INFO [http-nio-8080-exec-7] c.c.b.a.ServiceLogAspect [ServiceLogAspect.java:38] User [0:0:0:0:0:0:0:1] visited [com.coderbbs.bbsdemo.service.LikeService.findEntityLikeStatus] at [2023-07-03 01:49:58]. 
2023-07-03 01:50:00,623 INFO [http-nio-8080-exec-8] c.c.b.a.ServiceLogAspect [ServiceLogAspect.java:38] User [0:0:0:0:0:0:0:1] visited [com.coderbbs.bbsdemo.service.UserService.findLoginTicket] at [2023-07-03 01:50:00]. 
2023-07-03 01:50:00,628 INFO [http-nio-8080-exec-8] c.c.b.a.ServiceLogAspect [ServiceLogAspect.java:38] User [0:0:0:0:0:0:0:1] visited [com.coderbbs.bbsdemo.service.UserService.findUserById] at [2023-07-03 01:50:00]. 
2023-07-03 01:50:00,629 INFO [http-nio-8080-exec-8] c.c.b.a.ServiceLogAspect [ServiceLogAspect.java:38] User [0:0:0:0:0:0:0:1] visited [com.coderbbs.bbsdemo.service.LikeService.like] at [2023-07-03 01:50:00]. 
2023-07-03 01:50:00,634 INFO [http-nio-8080-exec-8] c.c.b.a.ServiceLogAspect [ServiceLogAspect.java:38] User [0:0:0:0:0:0:0:1] visited [com.coderbbs.bbsdemo.service.LikeService.findEntityLikeCount] at [2023-07-03 01:50:00]. 
2023-07-03 01:50:00,636 INFO [http-nio-8080-exec-8] c.c.b.a.ServiceLogAspect [ServiceLogAspect.java:38] User [0:0:0:0:0:0:0:1] visited [com.coderbbs.bbsdemo.service.LikeService.findEntityLikeStatus] at [2023-07-03 01:50:00]. 
2023-07-03 15:59:31,799 INFO [SpringApplicationShutdownHook] c.z.h.HikariDataSource [HikariDataSource.java:350] HikariPool-1 - Shutdown initiated...
2023-07-03 15:59:31,800 INFO [SpringApplicationShutdownHook] c.z.h.HikariDataSource [HikariDataSource.java:352] HikariPool-1 - Shutdown completed.
2023-07-03 15:59:49,686 INFO [restartedMain] c.c.b.BbsdemoApplication [StartupInfoLogger.java:51] Starting BbsdemoApplication using Java 20.0.1 with PID 32488 (C:\Users\14597\bbsproject\bbsdemo\bbsdemo\target\classes started by 14597 in C:\Users\14597\bbsproject\bbsdemo)
2023-07-03 15:59:49,689 INFO [restartedMain] c.c.b.BbsdemoApplication [SpringApplication.java:633] No active profile set, falling back to 1 default profile: "default"
2023-07-03 15:59:49,751 INFO [restartedMain] o.s.b.d.e.DevToolsPropertyDefaultsPostProcessor [DeferredLog.java:250] Devtools property defaults active! Set 'spring.devtools.add-properties' to 'false' to disable
2023-07-03 15:59:49,751 INFO [restartedMain] o.s.b.d.e.DevToolsPropertyDefaultsPostProcessor [DeferredLog.java:250] For additional web related logging consider setting the 'logging.level.web' property to 'DEBUG'
2023-07-03 15:59:51,049 INFO [restartedMain] o.s.d.r.c.RepositoryConfigurationDelegate [RepositoryConfigurationDelegate.java:291] Multiple Spring Data modules found, entering strict repository configuration mode
2023-07-03 15:59:51,052 INFO [restartedMain] o.s.d.r.c.RepositoryConfigurationDelegate [RepositoryConfigurationDelegate.java:138] Bootstrapping Spring Data Redis repositories in DEFAULT mode.
2023-07-03 15:59:51,089 INFO [restartedMain] o.s.d.r.c.RepositoryConfigurationDelegate [RepositoryConfigurationDelegate.java:208] Finished Spring Data repository scanning in 13 ms. Found 0 Redis repository interfaces.
2023-07-03 15:59:52,483 INFO [restartedMain] o.s.b.w.e.t.TomcatWebServer [TomcatWebServer.java:108] Tomcat initialized with port(s): 8080 (http)
2023-07-03 15:59:52,498 INFO [restartedMain] o.a.c.h.Http11NioProtocol [DirectJDKLog.java:173] Initializing ProtocolHandler ["http-nio-8080"]
2023-07-03 15:59:52,499 INFO [restartedMain] o.a.c.c.StandardService [DirectJDKLog.java:173] Starting service [Tomcat]
2023-07-03 15:59:52,500 INFO [restartedMain] o.a.c.c.StandardEngine [DirectJDKLog.java:173] Starting Servlet engine: [Apache Tomcat/10.1.8]
2023-07-03 15:59:52,604 INFO [restartedMain] o.a.c.c.C.[.[.[/community] [DirectJDKLog.java:173] Initializing Spring embedded WebApplicationContext
2023-07-03 15:59:52,606 INFO [restartedMain] o.s.b.w.s.c.ServletWebServerApplicationContext [ServletWebServerApplicationContext.java:291] Root WebApplicationContext: initialization completed in 2852 ms
2023-07-03 15:59:54,134 INFO [restartedMain] o.s.b.a.w.s.WelcomePageHandlerMapping [WelcomePageHandlerMapping.java:57] Adding welcome page template: index
2023-07-03 15:59:54,619 INFO [restartedMain] o.s.b.d.a.OptionalLiveReloadServer [OptionalLiveReloadServer.java:59] LiveReload server is running on port 35729
2023-07-03 15:59:54,644 INFO [restartedMain] o.a.c.h.Http11NioProtocol [DirectJDKLog.java:173] Starting ProtocolHandler ["http-nio-8080"]
2023-07-03 15:59:54,680 INFO [restartedMain] o.s.b.w.e.t.TomcatWebServer [TomcatWebServer.java:220] Tomcat started on port(s): 8080 (http) with context path '/community'
2023-07-03 15:59:54,696 INFO [restartedMain] c.c.b.BbsdemoApplication [StartupInfoLogger.java:57] Started BbsdemoApplication in 5.876 seconds (process running for 6.941)
2023-07-03 15:59:59,723 INFO [http-nio-8080-exec-1] o.a.c.c.C.[.[.[/community] [DirectJDKLog.java:173] Initializing Spring DispatcherServlet 'dispatcherServlet'
2023-07-03 15:59:59,724 INFO [http-nio-8080-exec-1] o.s.w.s.DispatcherServlet [FrameworkServlet.java:532] Initializing Servlet 'dispatcherServlet'
2023-07-03 15:59:59,727 INFO [http-nio-8080-exec-1] o.s.w.s.DispatcherServlet [FrameworkServlet.java:554] Completed initialization in 2 ms
2023-07-03 15:59:59,806 INFO [http-nio-8080-exec-1] c.c.b.a.ServiceLogAspect [ServiceLogAspect.java:38] User [0:0:0:0:0:0:0:1] visited [com.coderbbs.bbsdemo.service.DiscussPostService.findDiscussPostRows] at [2023-07-03 15:59:59]. 
2023-07-03 15:59:59,869 INFO [http-nio-8080-exec-1] c.z.h.HikariDataSource [HikariDataSource.java:110] HikariPool-1 - Starting...
2023-07-03 16:00:00,157 INFO [http-nio-8080-exec-1] c.z.h.p.HikariPool [HikariPool.java:565] HikariPool-1 - Added connection com.mysql.cj.jdbc.ConnectionImpl@3fe1c2b1
2023-07-03 16:00:00,161 INFO [http-nio-8080-exec-1] c.z.h.HikariDataSource [HikariDataSource.java:123] HikariPool-1 - Start completed.
2023-07-03 16:00:00,255 INFO [http-nio-8080-exec-1] c.c.b.a.ServiceLogAspect [ServiceLogAspect.java:38] User [0:0:0:0:0:0:0:1] visited [com.coderbbs.bbsdemo.service.DiscussPostService.findDiscussPosts] at [2023-07-03 16:00:00]. 
2023-07-03 16:00:00,283 INFO [http-nio-8080-exec-1] c.c.b.a.ServiceLogAspect [ServiceLogAspect.java:38] User [0:0:0:0:0:0:0:1] visited [com.coderbbs.bbsdemo.service.UserService.findUserById] at [2023-07-03 16:00:00]. 
2023-07-03 16:00:00,290 INFO [http-nio-8080-exec-1] c.c.b.a.ServiceLogAspect [ServiceLogAspect.java:38] User [0:0:0:0:0:0:0:1] visited [com.coderbbs.bbsdemo.service.LikeService.findEntityLikeCount] at [2023-07-03 16:00:00]. 
2023-07-03 16:00:00,946 INFO [http-nio-8080-exec-1] c.c.b.a.ServiceLogAspect [ServiceLogAspect.java:38] User [0:0:0:0:0:0:0:1] visited [com.coderbbs.bbsdemo.service.UserService.findUserById] at [2023-07-03 16:00:00]. 
2023-07-03 16:00:00,950 INFO [http-nio-8080-exec-1] c.c.b.a.ServiceLogAspect [ServiceLogAspect.java:38] User [0:0:0:0:0:0:0:1] visited [com.coderbbs.bbsdemo.service.LikeService.findEntityLikeCount] at [2023-07-03 16:00:00]. 
2023-07-03 16:00:00,951 INFO [http-nio-8080-exec-1] c.c.b.a.ServiceLogAspect [ServiceLogAspect.java:38] User [0:0:0:0:0:0:0:1] visited [com.coderbbs.bbsdemo.service.UserService.findUserById] at [2023-07-03 16:00:00]. 
2023-07-03 16:00:00,955 INFO [http-nio-8080-exec-1] c.c.b.a.ServiceLogAspect [ServiceLogAspect.java:38] User [0:0:0:0:0:0:0:1] visited [com.coderbbs.bbsdemo.service.LikeService.findEntityLikeCount] at [2023-07-03 16:00:00]. 
2023-07-03 16:00:00,956 INFO [http-nio-8080-exec-1] c.c.b.a.ServiceLogAspect [ServiceLogAspect.java:38] User [0:0:0:0:0:0:0:1] visited [com.coderbbs.bbsdemo.service.UserService.findUserById] at [2023-07-03 16:00:00]. 
2023-07-03 16:00:00,959 INFO [http-nio-8080-exec-1] c.c.b.a.ServiceLogAspect [ServiceLogAspect.java:38] User [0:0:0:0:0:0:0:1] visited [com.coderbbs.bbsdemo.service.LikeService.findEntityLikeCount] at [2023-07-03 16:00:00]. 
2023-07-03 16:00:00,960 INFO [http-nio-8080-exec-1] c.c.b.a.ServiceLogAspect [ServiceLogAspect.java:38] User [0:0:0:0:0:0:0:1] visited [com.coderbbs.bbsdemo.service.UserService.findUserById] at [2023-07-03 16:00:00]. 
2023-07-03 16:00:00,963 INFO [http-nio-8080-exec-1] c.c.b.a.ServiceLogAspect [ServiceLogAspect.java:38] User [0:0:0:0:0:0:0:1] visited [com.coderbbs.bbsdemo.service.LikeService.findEntityLikeCount] at [2023-07-03 16:00:00]. 
2023-07-03 16:00:00,964 INFO [http-nio-8080-exec-1] c.c.b.a.ServiceLogAspect [ServiceLogAspect.java:38] User [0:0:0:0:0:0:0:1] visited [com.coderbbs.bbsdemo.service.UserService.findUserById] at [2023-07-03 16:00:00]. 
2023-07-03 16:00:00,967 INFO [http-nio-8080-exec-1] c.c.b.a.ServiceLogAspect [ServiceLogAspect.java:38] User [0:0:0:0:0:0:0:1] visited [com.coderbbs.bbsdemo.service.LikeService.findEntityLikeCount] at [2023-07-03 16:00:00]. 
2023-07-03 16:00:00,969 INFO [http-nio-8080-exec-1] c.c.b.a.ServiceLogAspect [ServiceLogAspect.java:38] User [0:0:0:0:0:0:0:1] visited [com.coderbbs.bbsdemo.service.UserService.findUserById] at [2023-07-03 16:00:00]. 
2023-07-03 16:00:00,971 INFO [http-nio-8080-exec-1] c.c.b.a.ServiceLogAspect [ServiceLogAspect.java:38] User [0:0:0:0:0:0:0:1] visited [com.coderbbs.bbsdemo.service.LikeService.findEntityLikeCount] at [2023-07-03 16:00:00]. 
2023-07-03 16:00:00,972 INFO [http-nio-8080-exec-1] c.c.b.a.ServiceLogAspect [ServiceLogAspect.java:38] User [0:0:0:0:0:0:0:1] visited [com.coderbbs.bbsdemo.service.UserService.findUserById] at [2023-07-03 16:00:00]. 
2023-07-03 16:00:00,975 INFO [http-nio-8080-exec-1] c.c.b.a.ServiceLogAspect [ServiceLogAspect.java:38] User [0:0:0:0:0:0:0:1] visited [com.coderbbs.bbsdemo.service.LikeService.findEntityLikeCount] at [2023-07-03 16:00:00]. 
2023-07-03 16:00:00,976 INFO [http-nio-8080-exec-1] c.c.b.a.ServiceLogAspect [ServiceLogAspect.java:38] User [0:0:0:0:0:0:0:1] visited [com.coderbbs.bbsdemo.service.UserService.findUserById] at [2023-07-03 16:00:00]. 
2023-07-03 16:00:00,979 INFO [http-nio-8080-exec-1] c.c.b.a.ServiceLogAspect [ServiceLogAspect.java:38] User [0:0:0:0:0:0:0:1] visited [com.coderbbs.bbsdemo.service.LikeService.findEntityLikeCount] at [2023-07-03 16:00:00]. 
2023-07-03 16:00:00,980 INFO [http-nio-8080-exec-1] c.c.b.a.ServiceLogAspect [ServiceLogAspect.java:38] User [0:0:0:0:0:0:0:1] visited [com.coderbbs.bbsdemo.service.UserService.findUserById] at [2023-07-03 16:00:00]. 
2023-07-03 16:00:00,984 INFO [http-nio-8080-exec-1] c.c.b.a.ServiceLogAspect [ServiceLogAspect.java:38] User [0:0:0:0:0:0:0:1] visited [com.coderbbs.bbsdemo.service.LikeService.findEntityLikeCount] at [2023-07-03 16:00:00]. 
2023-07-03 16:26:51,227 INFO [SpringApplicationShutdownHook] c.z.h.HikariDataSource [HikariDataSource.java:350] HikariPool-1 - Shutdown initiated...
2023-07-03 16:26:51,245 INFO [SpringApplicationShutdownHook] c.z.h.HikariDataSource [HikariDataSource.java:352] HikariPool-1 - Shutdown completed.
2023-07-03 16:26:57,027 INFO [restartedMain] c.c.b.BbsdemoApplication [StartupInfoLogger.java:51] Starting BbsdemoApplication using Java 20.0.1 with PID 36684 (C:\Users\14597\bbsproject\bbsdemo\bbsdemo\target\classes started by 14597 in C:\Users\14597\bbsproject\bbsdemo)
2023-07-03 16:26:57,030 INFO [restartedMain] c.c.b.BbsdemoApplication [SpringApplication.java:633] No active profile set, falling back to 1 default profile: "default"
2023-07-03 16:26:57,095 INFO [restartedMain] o.s.b.d.e.DevToolsPropertyDefaultsPostProcessor [DeferredLog.java:250] Devtools property defaults active! Set 'spring.devtools.add-properties' to 'false' to disable
2023-07-03 16:26:57,096 INFO [restartedMain] o.s.b.d.e.DevToolsPropertyDefaultsPostProcessor [DeferredLog.java:250] For additional web related logging consider setting the 'logging.level.web' property to 'DEBUG'
2023-07-03 16:26:58,078 INFO [restartedMain] o.s.d.r.c.RepositoryConfigurationDelegate [RepositoryConfigurationDelegate.java:291] Multiple Spring Data modules found, entering strict repository configuration mode
2023-07-03 16:26:58,081 INFO [restartedMain] o.s.d.r.c.RepositoryConfigurationDelegate [RepositoryConfigurationDelegate.java:138] Bootstrapping Spring Data Redis repositories in DEFAULT mode.
2023-07-03 16:26:58,118 INFO [restartedMain] o.s.d.r.c.RepositoryConfigurationDelegate [RepositoryConfigurationDelegate.java:208] Finished Spring Data repository scanning in 13 ms. Found 0 Redis repository interfaces.
2023-07-03 16:26:59,397 INFO [restartedMain] o.s.b.w.e.t.TomcatWebServer [TomcatWebServer.java:108] Tomcat initialized with port(s): 8080 (http)
2023-07-03 16:26:59,410 INFO [restartedMain] o.a.c.h.Http11NioProtocol [DirectJDKLog.java:173] Initializing ProtocolHandler ["http-nio-8080"]
2023-07-03 16:26:59,411 INFO [restartedMain] o.a.c.c.StandardService [DirectJDKLog.java:173] Starting service [Tomcat]
2023-07-03 16:26:59,412 INFO [restartedMain] o.a.c.c.StandardEngine [DirectJDKLog.java:173] Starting Servlet engine: [Apache Tomcat/10.1.8]
2023-07-03 16:26:59,506 INFO [restartedMain] o.a.c.c.C.[.[.[/community] [DirectJDKLog.java:173] Initializing Spring embedded WebApplicationContext
2023-07-03 16:26:59,508 INFO [restartedMain] o.s.b.w.s.c.ServletWebServerApplicationContext [ServletWebServerApplicationContext.java:291] Root WebApplicationContext: initialization completed in 2410 ms
2023-07-03 16:27:01,136 INFO [restartedMain] o.s.b.a.w.s.WelcomePageHandlerMapping [WelcomePageHandlerMapping.java:57] Adding welcome page template: index
2023-07-03 16:27:01,672 INFO [restartedMain] o.s.b.d.a.OptionalLiveReloadServer [OptionalLiveReloadServer.java:59] LiveReload server is running on port 35729
2023-07-03 16:27:01,692 INFO [restartedMain] o.a.c.h.Http11NioProtocol [DirectJDKLog.java:173] Starting ProtocolHandler ["http-nio-8080"]
2023-07-03 16:27:01,729 INFO [restartedMain] o.s.b.w.e.t.TomcatWebServer [TomcatWebServer.java:220] Tomcat started on port(s): 8080 (http) with context path '/community'
2023-07-03 16:27:01,747 INFO [restartedMain] c.c.b.BbsdemoApplication [StartupInfoLogger.java:57] Started BbsdemoApplication in 5.457 seconds (process running for 6.213)
2023-07-03 16:27:06,374 INFO [http-nio-8080-exec-2] o.a.c.c.C.[.[.[/community] [DirectJDKLog.java:173] Initializing Spring DispatcherServlet 'dispatcherServlet'
2023-07-03 16:27:06,375 INFO [http-nio-8080-exec-2] o.s.w.s.DispatcherServlet [FrameworkServlet.java:532] Initializing Servlet 'dispatcherServlet'
2023-07-03 16:27:06,376 INFO [http-nio-8080-exec-2] o.s.w.s.DispatcherServlet [FrameworkServlet.java:554] Completed initialization in 1 ms
2023-07-03 16:27:06,438 INFO [http-nio-8080-exec-2] c.c.b.a.ServiceLogAspect [ServiceLogAspect.java:38] User [0:0:0:0:0:0:0:1] visited [com.coderbbs.bbsdemo.service.DiscussPostService.findDiscussPostRows] at [2023-07-03 16:27:06]. 
2023-07-03 16:27:06,493 INFO [http-nio-8080-exec-2] c.z.h.HikariDataSource [HikariDataSource.java:110] HikariPool-1 - Starting...
2023-07-03 16:27:06,744 INFO [http-nio-8080-exec-2] c.z.h.p.HikariPool [HikariPool.java:565] HikariPool-1 - Added connection com.mysql.cj.jdbc.ConnectionImpl@3fe1c2b1
2023-07-03 16:27:06,747 INFO [http-nio-8080-exec-2] c.z.h.HikariDataSource [HikariDataSource.java:123] HikariPool-1 - Start completed.
2023-07-03 16:27:06,841 INFO [http-nio-8080-exec-2] c.c.b.a.ServiceLogAspect [ServiceLogAspect.java:38] User [0:0:0:0:0:0:0:1] visited [com.coderbbs.bbsdemo.service.DiscussPostService.findDiscussPosts] at [2023-07-03 16:27:06]. 
2023-07-03 16:27:06,867 INFO [http-nio-8080-exec-2] c.c.b.a.ServiceLogAspect [ServiceLogAspect.java:38] User [0:0:0:0:0:0:0:1] visited [com.coderbbs.bbsdemo.service.UserService.findUserById] at [2023-07-03 16:27:06]. 
2023-07-03 16:27:06,873 INFO [http-nio-8080-exec-2] c.c.b.a.ServiceLogAspect [ServiceLogAspect.java:38] User [0:0:0:0:0:0:0:1] visited [com.coderbbs.bbsdemo.service.LikeService.findEntityLikeCount] at [2023-07-03 16:27:06]. 
2023-07-03 16:27:07,575 INFO [http-nio-8080-exec-2] c.c.b.a.ServiceLogAspect [ServiceLogAspect.java:38] User [0:0:0:0:0:0:0:1] visited [com.coderbbs.bbsdemo.service.UserService.findUserById] at [2023-07-03 16:27:07]. 
2023-07-03 16:27:07,580 INFO [http-nio-8080-exec-2] c.c.b.a.ServiceLogAspect [ServiceLogAspect.java:38] User [0:0:0:0:0:0:0:1] visited [com.coderbbs.bbsdemo.service.LikeService.findEntityLikeCount] at [2023-07-03 16:27:07]. 
2023-07-03 16:27:07,582 INFO [http-nio-8080-exec-2] c.c.b.a.ServiceLogAspect [ServiceLogAspect.java:38] User [0:0:0:0:0:0:0:1] visited [com.coderbbs.bbsdemo.service.UserService.findUserById] at [2023-07-03 16:27:07]. 
2023-07-03 16:27:07,586 INFO [http-nio-8080-exec-2] c.c.b.a.ServiceLogAspect [ServiceLogAspect.java:38] User [0:0:0:0:0:0:0:1] visited [com.coderbbs.bbsdemo.service.LikeService.findEntityLikeCount] at [2023-07-03 16:27:07]. 
2023-07-03 16:27:07,587 INFO [http-nio-8080-exec-2] c.c.b.a.ServiceLogAspect [ServiceLogAspect.java:38] User [0:0:0:0:0:0:0:1] visited [com.coderbbs.bbsdemo.service.UserService.findUserById] at [2023-07-03 16:27:07]. 
2023-07-03 16:27:07,591 INFO [http-nio-8080-exec-2] c.c.b.a.ServiceLogAspect [ServiceLogAspect.java:38] User [0:0:0:0:0:0:0:1] visited [com.coderbbs.bbsdemo.service.LikeService.findEntityLikeCount] at [2023-07-03 16:27:07]. 
2023-07-03 16:27:07,594 INFO [http-nio-8080-exec-2] c.c.b.a.ServiceLogAspect [ServiceLogAspect.java:38] User [0:0:0:0:0:0:0:1] visited [com.coderbbs.bbsdemo.service.UserService.findUserById] at [2023-07-03 16:27:07]. 
2023-07-03 16:27:07,597 INFO [http-nio-8080-exec-2] c.c.b.a.ServiceLogAspect [ServiceLogAspect.java:38] User [0:0:0:0:0:0:0:1] visited [com.coderbbs.bbsdemo.service.LikeService.findEntityLikeCount] at [2023-07-03 16:27:07]. 
2023-07-03 16:27:07,599 INFO [http-nio-8080-exec-2] c.c.b.a.ServiceLogAspect [ServiceLogAspect.java:38] User [0:0:0:0:0:0:0:1] visited [com.coderbbs.bbsdemo.service.UserService.findUserById] at [2023-07-03 16:27:07]. 
2023-07-03 16:27:07,603 INFO [http-nio-8080-exec-2] c.c.b.a.ServiceLogAspect [ServiceLogAspect.java:38] User [0:0:0:0:0:0:0:1] visited [com.coderbbs.bbsdemo.service.LikeService.findEntityLikeCount] at [2023-07-03 16:27:07]. 
2023-07-03 16:27:07,605 INFO [http-nio-8080-exec-2] c.c.b.a.ServiceLogAspect [ServiceLogAspect.java:38] User [0:0:0:0:0:0:0:1] visited [com.coderbbs.bbsdemo.service.UserService.findUserById] at [2023-07-03 16:27:07]. 
2023-07-03 16:27:07,608 INFO [http-nio-8080-exec-2] c.c.b.a.ServiceLogAspect [ServiceLogAspect.java:38] User [0:0:0:0:0:0:0:1] visited [com.coderbbs.bbsdemo.service.LikeService.findEntityLikeCount] at [2023-07-03 16:27:07]. 
2023-07-03 16:27:07,610 INFO [http-nio-8080-exec-2] c.c.b.a.ServiceLogAspect [ServiceLogAspect.java:38] User [0:0:0:0:0:0:0:1] visited [com.coderbbs.bbsdemo.service.UserService.findUserById] at [2023-07-03 16:27:07]. 
2023-07-03 16:27:07,614 INFO [http-nio-8080-exec-2] c.c.b.a.ServiceLogAspect [ServiceLogAspect.java:38] User [0:0:0:0:0:0:0:1] visited [com.coderbbs.bbsdemo.service.LikeService.findEntityLikeCount] at [2023-07-03 16:27:07]. 
2023-07-03 16:27:07,615 INFO [http-nio-8080-exec-2] c.c.b.a.ServiceLogAspect [ServiceLogAspect.java:38] User [0:0:0:0:0:0:0:1] visited [com.coderbbs.bbsdemo.service.UserService.findUserById] at [2023-07-03 16:27:07]. 
2023-07-03 16:27:07,619 INFO [http-nio-8080-exec-2] c.c.b.a.ServiceLogAspect [ServiceLogAspect.java:38] User [0:0:0:0:0:0:0:1] visited [com.coderbbs.bbsdemo.service.LikeService.findEntityLikeCount] at [2023-07-03 16:27:07]. 
2023-07-03 16:27:07,621 INFO [http-nio-8080-exec-2] c.c.b.a.ServiceLogAspect [ServiceLogAspect.java:38] User [0:0:0:0:0:0:0:1] visited [com.coderbbs.bbsdemo.service.UserService.findUserById] at [2023-07-03 16:27:07]. 
2023-07-03 16:27:07,626 INFO [http-nio-8080-exec-2] c.c.b.a.ServiceLogAspect [ServiceLogAspect.java:38] User [0:0:0:0:0:0:0:1] visited [com.coderbbs.bbsdemo.service.LikeService.findEntityLikeCount] at [2023-07-03 16:27:07]. 
2023-07-03 16:27:19,656 INFO [http-nio-8080-exec-3] c.c.b.a.ServiceLogAspect [ServiceLogAspect.java:38] User [0:0:0:0:0:0:0:1] visited [com.coderbbs.bbsdemo.service.UserService.login] at [2023-07-03 16:27:19]. 
2023-07-03 16:27:19,706 INFO [http-nio-8080-exec-1] c.c.b.a.ServiceLogAspect [ServiceLogAspect.java:38] User [0:0:0:0:0:0:0:1] visited [com.coderbbs.bbsdemo.service.UserService.findLoginTicket] at [2023-07-03 16:27:19]. 
2023-07-03 16:27:19,711 INFO [http-nio-8080-exec-1] c.c.b.a.ServiceLogAspect [ServiceLogAspect.java:38] User [0:0:0:0:0:0:0:1] visited [com.coderbbs.bbsdemo.service.UserService.findUserById] at [2023-07-03 16:27:19]. 
2023-07-03 16:27:19,714 INFO [http-nio-8080-exec-1] c.c.b.a.ServiceLogAspect [ServiceLogAspect.java:38] User [0:0:0:0:0:0:0:1] visited [com.coderbbs.bbsdemo.service.DiscussPostService.findDiscussPostRows] at [2023-07-03 16:27:19]. 
2023-07-03 16:27:19,716 INFO [http-nio-8080-exec-1] c.c.b.a.ServiceLogAspect [ServiceLogAspect.java:38] User [0:0:0:0:0:0:0:1] visited [com.coderbbs.bbsdemo.service.DiscussPostService.findDiscussPosts] at [2023-07-03 16:27:19]. 
2023-07-03 16:27:19,725 INFO [http-nio-8080-exec-1] c.c.b.a.ServiceLogAspect [ServiceLogAspect.java:38] User [0:0:0:0:0:0:0:1] visited [com.coderbbs.bbsdemo.service.UserService.findUserById] at [2023-07-03 16:27:19]. 
2023-07-03 16:27:19,728 INFO [http-nio-8080-exec-1] c.c.b.a.ServiceLogAspect [ServiceLogAspect.java:38] User [0:0:0:0:0:0:0:1] visited [com.coderbbs.bbsdemo.service.LikeService.findEntityLikeCount] at [2023-07-03 16:27:19]. 
2023-07-03 16:27:19,730 INFO [http-nio-8080-exec-1] c.c.b.a.ServiceLogAspect [ServiceLogAspect.java:38] User [0:0:0:0:0:0:0:1] visited [com.coderbbs.bbsdemo.service.UserService.findUserById] at [2023-07-03 16:27:19]. 
2023-07-03 16:27:19,733 INFO [http-nio-8080-exec-1] c.c.b.a.ServiceLogAspect [ServiceLogAspect.java:38] User [0:0:0:0:0:0:0:1] visited [com.coderbbs.bbsdemo.service.LikeService.findEntityLikeCount] at [2023-07-03 16:27:19]. 
2023-07-03 16:27:19,735 INFO [http-nio-8080-exec-1] c.c.b.a.ServiceLogAspect [ServiceLogAspect.java:38] User [0:0:0:0:0:0:0:1] visited [com.coderbbs.bbsdemo.service.UserService.findUserById] at [2023-07-03 16:27:19]. 
2023-07-03 16:27:19,742 INFO [http-nio-8080-exec-1] c.c.b.a.ServiceLogAspect [ServiceLogAspect.java:38] User [0:0:0:0:0:0:0:1] visited [com.coderbbs.bbsdemo.service.LikeService.findEntityLikeCount] at [2023-07-03 16:27:19]. 
2023-07-03 16:27:19,745 INFO [http-nio-8080-exec-1] c.c.b.a.ServiceLogAspect [ServiceLogAspect.java:38] User [0:0:0:0:0:0:0:1] visited [com.coderbbs.bbsdemo.service.UserService.findUserById] at [2023-07-03 16:27:19]. 
2023-07-03 16:27:19,749 INFO [http-nio-8080-exec-1] c.c.b.a.ServiceLogAspect [ServiceLogAspect.java:38] User [0:0:0:0:0:0:0:1] visited [com.coderbbs.bbsdemo.service.LikeService.findEntityLikeCount] at [2023-07-03 16:27:19]. 
2023-07-03 16:27:19,752 INFO [http-nio-8080-exec-1] c.c.b.a.ServiceLogAspect [ServiceLogAspect.java:38] User [0:0:0:0:0:0:0:1] visited [com.coderbbs.bbsdemo.service.UserService.findUserById] at [2023-07-03 16:27:19]. 
2023-07-03 16:27:19,757 INFO [http-nio-8080-exec-1] c.c.b.a.ServiceLogAspect [ServiceLogAspect.java:38] User [0:0:0:0:0:0:0:1] visited [com.coderbbs.bbsdemo.service.LikeService.findEntityLikeCount] at [2023-07-03 16:27:19]. 
2023-07-03 16:27:19,759 INFO [http-nio-8080-exec-1] c.c.b.a.ServiceLogAspect [ServiceLogAspect.java:38] User [0:0:0:0:0:0:0:1] visited [com.coderbbs.bbsdemo.service.UserService.findUserById] at [2023-07-03 16:27:19]. 
2023-07-03 16:27:19,764 INFO [http-nio-8080-exec-1] c.c.b.a.ServiceLogAspect [ServiceLogAspect.java:38] User [0:0:0:0:0:0:0:1] visited [com.coderbbs.bbsdemo.service.LikeService.findEntityLikeCount] at [2023-07-03 16:27:19]. 
2023-07-03 16:27:19,766 INFO [http-nio-8080-exec-1] c.c.b.a.ServiceLogAspect [ServiceLogAspect.java:38] User [0:0:0:0:0:0:0:1] visited [com.coderbbs.bbsdemo.service.UserService.findUserById] at [2023-07-03 16:27:19]. 
2023-07-03 16:27:19,769 INFO [http-nio-8080-exec-1] c.c.b.a.ServiceLogAspect [ServiceLogAspect.java:38] User [0:0:0:0:0:0:0:1] visited [com.coderbbs.bbsdemo.service.LikeService.findEntityLikeCount] at [2023-07-03 16:27:19]. 
2023-07-03 16:27:19,772 INFO [http-nio-8080-exec-1] c.c.b.a.ServiceLogAspect [ServiceLogAspect.java:38] User [0:0:0:0:0:0:0:1] visited [com.coderbbs.bbsdemo.service.UserService.findUserById] at [2023-07-03 16:27:19]. 
2023-07-03 16:27:19,776 INFO [http-nio-8080-exec-1] c.c.b.a.ServiceLogAspect [ServiceLogAspect.java:38] User [0:0:0:0:0:0:0:1] visited [com.coderbbs.bbsdemo.service.LikeService.findEntityLikeCount] at [2023-07-03 16:27:19]. 
2023-07-03 16:27:19,778 INFO [http-nio-8080-exec-1] c.c.b.a.ServiceLogAspect [ServiceLogAspect.java:38] User [0:0:0:0:0:0:0:1] visited [com.coderbbs.bbsdemo.service.UserService.findUserById] at [2023-07-03 16:27:19]. 
2023-07-03 16:27:19,780 INFO [http-nio-8080-exec-1] c.c.b.a.ServiceLogAspect [ServiceLogAspect.java:38] User [0:0:0:0:0:0:0:1] visited [com.coderbbs.bbsdemo.service.LikeService.findEntityLikeCount] at [2023-07-03 16:27:19]. 
2023-07-03 16:27:19,782 INFO [http-nio-8080-exec-1] c.c.b.a.ServiceLogAspect [ServiceLogAspect.java:38] User [0:0:0:0:0:0:0:1] visited [com.coderbbs.bbsdemo.service.UserService.findUserById] at [2023-07-03 16:27:19]. 
2023-07-03 16:27:19,785 INFO [http-nio-8080-exec-1] c.c.b.a.ServiceLogAspect [ServiceLogAspect.java:38] User [0:0:0:0:0:0:0:1] visited [com.coderbbs.bbsdemo.service.LikeService.findEntityLikeCount] at [2023-07-03 16:27:19]. 
2023-07-03 16:27:22,798 INFO [http-nio-8080-exec-8] c.c.b.a.ServiceLogAspect [ServiceLogAspect.java:38] User [0:0:0:0:0:0:0:1] visited [com.coderbbs.bbsdemo.service.UserService.findLoginTicket] at [2023-07-03 16:27:22]. 
2023-07-03 16:27:22,803 INFO [http-nio-8080-exec-8] c.c.b.a.ServiceLogAspect [ServiceLogAspect.java:38] User [0:0:0:0:0:0:0:1] visited [com.coderbbs.bbsdemo.service.UserService.findUserById] at [2023-07-03 16:27:22]. 
2023-07-03 16:27:22,812 INFO [http-nio-8080-exec-8] c.c.b.a.ServiceLogAspect [ServiceLogAspect.java:38] User [0:0:0:0:0:0:0:1] visited [com.coderbbs.bbsdemo.service.DiscussPostService.findDiscussPostByPostId] at [2023-07-03 16:27:22]. 
2023-07-03 16:27:22,816 INFO [http-nio-8080-exec-8] c.c.b.a.ServiceLogAspect [ServiceLogAspect.java:38] User [0:0:0:0:0:0:0:1] visited [com.coderbbs.bbsdemo.service.UserService.findUserById] at [2023-07-03 16:27:22]. 
2023-07-03 16:27:22,819 INFO [http-nio-8080-exec-8] c.c.b.a.ServiceLogAspect [ServiceLogAspect.java:38] User [0:0:0:0:0:0:0:1] visited [com.coderbbs.bbsdemo.service.LikeService.findEntityLikeCount] at [2023-07-03 16:27:22]. 
2023-07-03 16:27:22,821 INFO [http-nio-8080-exec-8] c.c.b.a.ServiceLogAspect [ServiceLogAspect.java:38] User [0:0:0:0:0:0:0:1] visited [com.coderbbs.bbsdemo.service.LikeService.findEntityLikeStatus] at [2023-07-03 16:27:22]. 
2023-07-03 16:27:22,845 INFO [http-nio-8080-exec-8] c.c.b.a.ServiceLogAspect [ServiceLogAspect.java:38] User [0:0:0:0:0:0:0:1] visited [com.coderbbs.bbsdemo.service.CommentService.findCommentsByEntity] at [2023-07-03 16:27:22]. 
2023-07-03 16:27:22,852 INFO [http-nio-8080-exec-8] c.c.b.a.ServiceLogAspect [ServiceLogAspect.java:38] User [0:0:0:0:0:0:0:1] visited [com.coderbbs.bbsdemo.service.UserService.findUserById] at [2023-07-03 16:27:22]. 
2023-07-03 16:27:22,856 INFO [http-nio-8080-exec-8] c.c.b.a.ServiceLogAspect [ServiceLogAspect.java:38] User [0:0:0:0:0:0:0:1] visited [com.coderbbs.bbsdemo.service.LikeService.findEntityLikeCount] at [2023-07-03 16:27:22]. 
2023-07-03 16:27:22,857 INFO [http-nio-8080-exec-8] c.c.b.a.ServiceLogAspect [ServiceLogAspect.java:38] User [0:0:0:0:0:0:0:1] visited [com.coderbbs.bbsdemo.service.LikeService.findEntityLikeStatus] at [2023-07-03 16:27:22]. 
2023-07-03 16:27:22,860 INFO [http-nio-8080-exec-8] c.c.b.a.ServiceLogAspect [ServiceLogAspect.java:38] User [0:0:0:0:0:0:0:1] visited [com.coderbbs.bbsdemo.service.CommentService.findCommentsByEntity] at [2023-07-03 16:27:22]. 
2023-07-03 16:27:22,865 INFO [http-nio-8080-exec-8] c.c.b.a.ServiceLogAspect [ServiceLogAspect.java:38] User [0:0:0:0:0:0:0:1] visited [com.coderbbs.bbsdemo.service.UserService.findUserById] at [2023-07-03 16:27:22]. 
2023-07-03 16:27:22,868 INFO [http-nio-8080-exec-8] c.c.b.a.ServiceLogAspect [ServiceLogAspect.java:38] User [0:0:0:0:0:0:0:1] visited [com.coderbbs.bbsdemo.service.LikeService.findEntityLikeCount] at [2023-07-03 16:27:22]. 
2023-07-03 16:27:22,869 INFO [http-nio-8080-exec-8] c.c.b.a.ServiceLogAspect [ServiceLogAspect.java:38] User [0:0:0:0:0:0:0:1] visited [com.coderbbs.bbsdemo.service.LikeService.findEntityLikeStatus] at [2023-07-03 16:27:22]. 
2023-07-03 16:27:22,870 INFO [http-nio-8080-exec-8] c.c.b.a.ServiceLogAspect [ServiceLogAspect.java:38] User [0:0:0:0:0:0:0:1] visited [com.coderbbs.bbsdemo.service.CommentService.findCommentCount] at [2023-07-03 16:27:22]. 
2023-07-03 16:27:41,841 INFO [http-nio-8080-exec-1] c.c.b.a.ServiceLogAspect [ServiceLogAspect.java:38] User [0:0:0:0:0:0:0:1] visited [com.coderbbs.bbsdemo.service.UserService.findLoginTicket] at [2023-07-03 16:27:41]. 
2023-07-03 16:27:41,850 INFO [http-nio-8080-exec-1] c.c.b.a.ServiceLogAspect [ServiceLogAspect.java:38] User [0:0:0:0:0:0:0:1] visited [com.coderbbs.bbsdemo.service.UserService.findUserById] at [2023-07-03 16:27:41]. 
2023-07-03 16:27:41,856 INFO [http-nio-8080-exec-1] c.c.b.a.ServiceLogAspect [ServiceLogAspect.java:38] User [0:0:0:0:0:0:0:1] visited [com.coderbbs.bbsdemo.service.DiscussPostService.findDiscussPostRows] at [2023-07-03 16:27:41]. 
2023-07-03 16:27:41,859 INFO [http-nio-8080-exec-1] c.c.b.a.ServiceLogAspect [ServiceLogAspect.java:38] User [0:0:0:0:0:0:0:1] visited [com.coderbbs.bbsdemo.service.DiscussPostService.findDiscussPosts] at [2023-07-03 16:27:41]. 
2023-07-03 16:27:41,861 INFO [http-nio-8080-exec-1] c.c.b.a.ServiceLogAspect [ServiceLogAspect.java:38] User [0:0:0:0:0:0:0:1] visited [com.coderbbs.bbsdemo.service.UserService.findUserById] at [2023-07-03 16:27:41]. 
2023-07-03 16:27:41,861 INFO [http-nio-8080-exec-1] c.c.b.a.ServiceLogAspect [ServiceLogAspect.java:38] User [0:0:0:0:0:0:0:1] visited [com.coderbbs.bbsdemo.service.LikeService.findEntityLikeCount] at [2023-07-03 16:27:41]. 
2023-07-03 16:27:41,866 INFO [http-nio-8080-exec-1] c.c.b.a.ServiceLogAspect [ServiceLogAspect.java:38] User [0:0:0:0:0:0:0:1] visited [com.coderbbs.bbsdemo.service.UserService.findUserById] at [2023-07-03 16:27:41]. 
2023-07-03 16:27:41,866 INFO [http-nio-8080-exec-1] c.c.b.a.ServiceLogAspect [ServiceLogAspect.java:38] User [0:0:0:0:0:0:0:1] visited [com.coderbbs.bbsdemo.service.LikeService.findEntityLikeCount] at [2023-07-03 16:27:41]. 
2023-07-03 16:27:41,866 INFO [http-nio-8080-exec-1] c.c.b.a.ServiceLogAspect [ServiceLogAspect.java:38] User [0:0:0:0:0:0:0:1] visited [com.coderbbs.bbsdemo.service.UserService.findUserById] at [2023-07-03 16:27:41]. 
2023-07-03 16:27:41,872 INFO [http-nio-8080-exec-1] c.c.b.a.ServiceLogAspect [ServiceLogAspect.java:38] User [0:0:0:0:0:0:0:1] visited [com.coderbbs.bbsdemo.service.LikeService.findEntityLikeCount] at [2023-07-03 16:27:41]. 
2023-07-03 16:27:41,875 INFO [http-nio-8080-exec-1] c.c.b.a.ServiceLogAspect [ServiceLogAspect.java:38] User [0:0:0:0:0:0:0:1] visited [com.coderbbs.bbsdemo.service.UserService.findUserById] at [2023-07-03 16:27:41]. 
2023-07-03 16:27:41,877 INFO [http-nio-8080-exec-1] c.c.b.a.ServiceLogAspect [ServiceLogAspect.java:38] User [0:0:0:0:0:0:0:1] visited [com.coderbbs.bbsdemo.service.LikeService.findEntityLikeCount] at [2023-07-03 16:27:41]. 
2023-07-03 16:27:41,878 INFO [http-nio-8080-exec-1] c.c.b.a.ServiceLogAspect [ServiceLogAspect.java:38] User [0:0:0:0:0:0:0:1] visited [com.coderbbs.bbsdemo.service.UserService.findUserById] at [2023-07-03 16:27:41]. 
2023-07-03 16:27:41,880 INFO [http-nio-8080-exec-1] c.c.b.a.ServiceLogAspect [ServiceLogAspect.java:38] User [0:0:0:0:0:0:0:1] visited [com.coderbbs.bbsdemo.service.LikeService.findEntityLikeCount] at [2023-07-03 16:27:41]. 
2023-07-03 16:27:41,882 INFO [http-nio-8080-exec-1] c.c.b.a.ServiceLogAspect [ServiceLogAspect.java:38] User [0:0:0:0:0:0:0:1] visited [com.coderbbs.bbsdemo.service.UserService.findUserById] at [2023-07-03 16:27:41]. 
2023-07-03 16:27:41,882 INFO [http-nio-8080-exec-1] c.c.b.a.ServiceLogAspect [ServiceLogAspect.java:38] User [0:0:0:0:0:0:0:1] visited [com.coderbbs.bbsdemo.service.LikeService.findEntityLikeCount] at [2023-07-03 16:27:41]. 
2023-07-03 16:27:41,887 INFO [http-nio-8080-exec-1] c.c.b.a.ServiceLogAspect [ServiceLogAspect.java:38] User [0:0:0:0:0:0:0:1] visited [com.coderbbs.bbsdemo.service.UserService.findUserById] at [2023-07-03 16:27:41]. 
2023-07-03 16:27:41,887 INFO [http-nio-8080-exec-1] c.c.b.a.ServiceLogAspect [ServiceLogAspect.java:38] User [0:0:0:0:0:0:0:1] visited [com.coderbbs.bbsdemo.service.LikeService.findEntityLikeCount] at [2023-07-03 16:27:41]. 
2023-07-03 16:27:41,887 INFO [http-nio-8080-exec-1] c.c.b.a.ServiceLogAspect [ServiceLogAspect.java:38] User [0:0:0:0:0:0:0:1] visited [com.coderbbs.bbsdemo.service.UserService.findUserById] at [2023-07-03 16:27:41]. 
2023-07-03 16:27:41,887 INFO [http-nio-8080-exec-1] c.c.b.a.ServiceLogAspect [ServiceLogAspect.java:38] User [0:0:0:0:0:0:0:1] visited [com.coderbbs.bbsdemo.service.LikeService.findEntityLikeCount] at [2023-07-03 16:27:41]. 
2023-07-03 16:27:41,887 INFO [http-nio-8080-exec-1] c.c.b.a.ServiceLogAspect [ServiceLogAspect.java:38] User [0:0:0:0:0:0:0:1] visited [com.coderbbs.bbsdemo.service.UserService.findUserById] at [2023-07-03 16:27:41]. 
2023-07-03 16:27:41,896 INFO [http-nio-8080-exec-1] c.c.b.a.ServiceLogAspect [ServiceLogAspect.java:38] User [0:0:0:0:0:0:0:1] visited [com.coderbbs.bbsdemo.service.LikeService.findEntityLikeCount] at [2023-07-03 16:27:41]. 
2023-07-03 16:27:41,898 INFO [http-nio-8080-exec-1] c.c.b.a.ServiceLogAspect [ServiceLogAspect.java:38] User [0:0:0:0:0:0:0:1] visited [com.coderbbs.bbsdemo.service.UserService.findUserById] at [2023-07-03 16:27:41]. 
2023-07-03 16:27:41,900 INFO [http-nio-8080-exec-1] c.c.b.a.ServiceLogAspect [ServiceLogAspect.java:38] User [0:0:0:0:0:0:0:1] visited [com.coderbbs.bbsdemo.service.LikeService.findEntityLikeCount] at [2023-07-03 16:27:41]. 
2023-07-03 16:27:54,044 INFO [http-nio-8080-exec-9] c.c.b.a.ServiceLogAspect [ServiceLogAspect.java:38] User [0:0:0:0:0:0:0:1] visited [com.coderbbs.bbsdemo.service.UserService.findLoginTicket] at [2023-07-03 16:27:54]. 
2023-07-03 16:27:54,054 INFO [http-nio-8080-exec-9] c.c.b.a.ServiceLogAspect [ServiceLogAspect.java:38] User [0:0:0:0:0:0:0:1] visited [com.coderbbs.bbsdemo.service.UserService.findUserById] at [2023-07-03 16:27:54]. 
2023-07-03 16:27:54,060 INFO [http-nio-8080-exec-9] c.c.b.a.ServiceLogAspect [ServiceLogAspect.java:38] User [0:0:0:0:0:0:0:1] visited [com.coderbbs.bbsdemo.service.UserService.findLoginTicket] at [2023-07-03 16:27:54]. 
2023-07-03 16:27:54,064 INFO [http-nio-8080-exec-9] c.c.b.a.ServiceLogAspect [ServiceLogAspect.java:38] User [0:0:0:0:0:0:0:1] visited [com.coderbbs.bbsdemo.service.UserService.findUserById] at [2023-07-03 16:27:54]. 
2023-07-03 16:27:54,114 INFO [http-nio-8080-exec-3] c.c.b.a.ServiceLogAspect [ServiceLogAspect.java:38] User [0:0:0:0:0:0:0:1] visited [com.coderbbs.bbsdemo.service.UserService.findLoginTicket] at [2023-07-03 16:27:54]. 
2023-07-03 16:27:54,121 INFO [http-nio-8080-exec-3] c.c.b.a.ServiceLogAspect [ServiceLogAspect.java:38] User [0:0:0:0:0:0:0:1] visited [com.coderbbs.bbsdemo.service.UserService.findUserById] at [2023-07-03 16:27:54]. 
2023-07-03 16:27:54,128 INFO [http-nio-8080-exec-3] c.c.b.a.ServiceLogAspect [ServiceLogAspect.java:38] User [0:0:0:0:0:0:0:1] visited [com.coderbbs.bbsdemo.service.UserService.findLoginTicket] at [2023-07-03 16:27:54]. 
2023-07-03 16:27:54,132 INFO [http-nio-8080-exec-3] c.c.b.a.ServiceLogAspect [ServiceLogAspect.java:38] User [0:0:0:0:0:0:0:1] visited [com.coderbbs.bbsdemo.service.UserService.findUserById] at [2023-07-03 16:27:54]. 
